
/var/www/html/fryday/data/csv/database__54b2956eaec7d
The file /var/www/html/fryday/data/csv/database__54b2956eaec7d exists
FAIL! E-MAIL ADDRESS not valid! 
FAIL! -licey-@ukr.net already exist in the Fryday database! 
FAIL! -robinzon@ukr.net already exist in the Fryday database! 
FAIL! //www.tihon33@mail.ru already exist in the Fryday database! 
FAIL! 0-8@list.ru already exist in the Fryday database! 
FAIL! 000010123@mail.ru already exist in the Fryday database! 
FAIL! 0000144@gmail.com already exist in the Fryday database! 
FAIL! 0000_2006@ukr.net already exist in the Fryday database! 
FAIL! 00015@ukr.net already exist in the Fryday database! 
FAIL! 000555@i.ua already exist in the Fryday database! 
FAIL! 0007170115@bigmir.net already exist in the Fryday database! 
FAIL! 000dud000@gmail.com already exist in the Fryday database! 
FAIL! 004faraon@mail.ru already exist in the Fryday database! 
FAIL! 008486@ukr.net already exist in the Fryday database! 
FAIL! 00_igor@list.ru already exist in the Fryday database! 
FAIL! 01032010lr@gmail.com already exist in the Fryday database! 
FAIL! 0105@i.ua already exist in the Fryday database! 
FAIL! 01091984@ukr.net already exist in the Fryday database! 
FAIL! 011235813@ukr.net already exist in the Fryday database! 
FAIL! 01@ukr.net already exist in the Fryday database! 
FAIL! 01kvv31@mail.ru already exist in the Fryday database! 
FAIL! 020566@bigmir.net already exist in the Fryday database! 
FAIL! 0233836@ukr.net already exist in the Fryday database! 
FAIL! 02vik02@mail.ru already exist in the Fryday database! 
FAIL! 03101975@ukr.net already exist in the Fryday database! 
FAIL! 0311z@mail.ru already exist in the Fryday database! 
FAIL! 04071962@mail.ru already exist in the Fryday database! 
FAIL! 040784morozov@mail.ru already exist in the Fryday database! 
FAIL! 0408@mail.ru already exist in the Fryday database! 
FAIL! 041119902009@mail.ru already exist in the Fryday database! 
FAIL! 04214@mail.ru already exist in the Fryday database! 
FAIL! 049033702@telia.com already exist in the Fryday database! 
FAIL! 0501907188@ukr.net already exist in the Fryday database! 
FAIL! 0503570706@ukr.net already exist in the Fryday database! 
FAIL! 0509945295@ukr.net already exist in the Fryday database! 
FAIL! 05ksunia05@mail.ru already exist in the Fryday database! 
FAIL! 060586nata@mail.ru already exist in the Fryday database! 
FAIL! 060658@ukr.net already exist in the Fryday database! 
FAIL! 0630424908@ukr.net already exist in the Fryday database! 
FAIL! 0632335599@ukr.net already exist in the Fryday database! 
FAIL! 0634170201@mail.ru already exist in the Fryday database! 
FAIL! 0634572149@ukr.net already exist in the Fryday database! 
FAIL! 0656dodge77@mail.ru already exist in the Fryday database! 
FAIL! 0660000078@mail.ru already exist in the Fryday database! 
FAIL! 0663303406@mail.ru already exist in the Fryday database! 
FAIL! 0672337928@ukr.net already exist in the Fryday database! 
FAIL! 0673733373@bk.ru already exist in the Fryday database! 
FAIL! 0674406948@ukr.net already exist in the Fryday database! 
FAIL! 0675081585r@gmail.com already exist in the Fryday database! 
FAIL! 0675624056k@gmail.com already exist in the Fryday database! 
FAIL! 0675907218@mail.ru already exist in the Fryday database! 
FAIL! 0678594525@mail.ru already exist in the Fryday database! 
FAIL! 06_vt@mail.ru already exist in the Fryday database! 
FAIL! 07021981@mail.ru already exist in the Fryday database! 
FAIL! 0703@ukr.net already exist in the Fryday database! 
FAIL! 07071970@mail.ru already exist in the Fryday database! 
FAIL! 078868607627@mxit.im already exist in the Fryday database! 
FAIL! 079@mail.ru already exist in the Fryday database! 
FAIL! 07demon@mail.ru already exist in the Fryday database! 
FAIL! 07dimitri@gmail.com already exist in the Fryday database! 
FAIL! 0800300880@forward-bank.com already exist in the Fryday database! 
FAIL! 0809@inbox.ru already exist in the Fryday database! 
FAIL! 081522@mail.ru already exist in the Fryday database! 
FAIL! 08ms@rambler.ru already exist in the Fryday database! 
FAIL! 08_rodik_0909@ukr.net already exist in the Fryday database! 
FAIL! 090472@ukr.net already exist in the Fryday database! 
FAIL! 09051990@ukr.net already exist in the Fryday database! 
FAIL! 0909k@mail.ru already exist in the Fryday database! 
FAIL! 0938339464@ukr.net already exist in the Fryday database! 
FAIL! 0950218895@ukr.net already exist in the Fryday database! 
FAIL! 0955179294@mail.ru already exist in the Fryday database! 
FAIL! 0955971866@mail.ru already exist in the Fryday database! 
FAIL! 0958058519@ukr.net already exist in the Fryday database! 
FAIL! 0965203030@ukr.net already exist in the Fryday database! 
FAIL! 096685484848@email.ua already exist in the Fryday database! 
FAIL! 0967123650@mail.ru already exist in the Fryday database! 
FAIL! 0971812739@ukr.net already exist in the Fryday database! 
FAIL! 0976447853@male.ru already exist in the Fryday database! 
FAIL! 0977346947@mail.ru already exist in the Fryday database! 
FAIL! 0978830535@i.ua already exist in the Fryday database! 
FAIL! 0980162958@ukr.net already exist in the Fryday database! 
FAIL! 0980865199@mail.ru already exist in the Fryday database! 
FAIL! 0980888282m@gmail.com already exist in the Fryday database! 
FAIL! 0985057576qr@gmail.com already exist in the Fryday database! 
FAIL! 09micha09@i.ua already exist in the Fryday database! 
FAIL! 0sanya0@ukr.net already exist in the Fryday database! 
FAIL! 1-70@mail.ru already exist in the Fryday database! 
FAIL! 1.druzhininyu@gmail.com already exist in the Fryday database! 
FAIL! 1000kova@ukr.net already exist in the Fryday database! 
FAIL! 100781@list.ru already exist in the Fryday database! 
FAIL! 100782sdp@mail.ru already exist in the Fryday database! 
FAIL! 100888@ukr.net already exist in the Fryday database! 
FAIL! 100jarko@mail.ru already exist in the Fryday database! 
FAIL! 100pud@rambler.ru already exist in the Fryday database! 
FAIL! 10111978@inbox.ru already exist in the Fryday database! 
FAIL! 1011@ua.fm already exist in the Fryday database! 
FAIL! 1011lelik@mail.ru already exist in the Fryday database! 
FAIL! 101teaser101@gmail.com already exist in the Fryday database! 
FAIL! 102030@ua.fm already exist in the Fryday database! 
FAIL! 103fm@ukr.net already exist in the Fryday database! 
FAIL! 104474700058@mail.ru already exist in the Fryday database! 
FAIL! 1065820@gmail.com already exist in the Fryday database! 
FAIL! 108vishnu@ukr.net already exist in the Fryday database! 
FAIL! 10kilo@mail.ru already exist in the Fryday database! 
FAIL! 10kiska10@mail.ru already exist in the Fryday database! 
FAIL! 110.537.467@mail.ru already exist in the Fryday database! 
FAIL! 1103@i.ua already exist in the Fryday database! 
FAIL! 11071973@ukr.net already exist in the Fryday database! 
FAIL! 111111-64@mail.ru already exist in the Fryday database! 
FAIL! 1111111@ukr.net already exist in the Fryday database! 
FAIL! 1111201@ukr.net already exist in the Fryday database! 
FAIL! 1111@mail.ru already exist in the Fryday database! 
FAIL! 111@ukr.net already exist in the Fryday database! 
FAIL! 111beatgirl@gmail.com already exist in the Fryday database! 
FAIL! 111ksu88@mail.ru already exist in the Fryday database! 
FAIL! 111marishka@mail.ru already exist in the Fryday database! 
FAIL! 111tatyana111@gmail.com already exist in the Fryday database! 
FAIL! 1122off@gmail.com already exist in the Fryday database! 
FAIL! 112358v@gmail.com already exist in the Fryday database! 
FAIL! 112@mail.ru already exist in the Fryday database! 
FAIL! 115@ukr.net already exist in the Fryday database! 
FAIL! 11amm@mail.ru already exist in the Fryday database! 
FAIL! 11doll11@mail.ru already exist in the Fryday database! 
FAIL! 11news@11channel.dp.ua already exist in the Fryday database! 
FAIL! 11_08_1981@ukr.net already exist in the Fryday database! 
FAIL! 12-1220@ukr.net already exist in the Fryday database! 
FAIL! 12-7@ukr.net already exist in the Fryday database! 
FAIL! 1206@ukr.net already exist in the Fryday database! 
FAIL! 12072006@ukr.net already exist in the Fryday database! 
FAIL! 120909zxc@rambler.ru already exist in the Fryday database! 
FAIL! 121089@ukr.net already exist in the Fryday database! 
FAIL! 12111990@bigmir.net already exist in the Fryday database! 
FAIL! 122419@ukr.net already exist in the Fryday database! 
FAIL! 122op@ru.net already exist in the Fryday database! 
FAIL! 123123_06@list.ru already exist in the Fryday database! 
FAIL! 123456-123456@list.ru already exist in the Fryday database! 
FAIL! 1234@i.ua already exist in the Fryday database! 
FAIL! 1234nst@mail.ru already exist in the Fryday database! 
FAIL! 1237788@mail.ru already exist in the Fryday database! 
FAIL! 1239907@mail.ru already exist in the Fryday database! 
FAIL! 123@alpogroup.dk already exist in the Fryday database! 
FAIL! 123compas8738@ukr.net already exist in the Fryday database! 
FAIL! 123malahova@gmail.com already exist in the Fryday database! 
FAIL! 124589@ukr.net already exist in the Fryday database! 
FAIL! 1286136@gmail.com already exist in the Fryday database! 
FAIL! 12@list.ru already exist in the Fryday database! 
FAIL! 12@yandex.ru already exist in the Fryday database! 
FAIL! 12flowers2013@ukr.net already exist in the Fryday database! 
FAIL! 12kovalenko92@mail.ru already exist in the Fryday database! 
FAIL! 12mcv@mail.ru already exist in the Fryday database! 
FAIL! 12s@ukr.net already exist in the Fryday database! 
FAIL! 12tanja@mail.ru already exist in the Fryday database! 
FAIL! 13-55@mail.ru already exist in the Fryday database! 
FAIL! 13011956@ukr.net already exist in the Fryday database! 
FAIL! 1335821@mail.ru already exist in the Fryday database! 
FAIL! 1342000@mail.ru already exist in the Fryday database! 
FAIL! 1392006@mail.ru already exist in the Fryday database! 
FAIL! 13of_friday@i.ua already exist in the Fryday database! 
FAIL! 13of_friday@ukr.net already exist in the Fryday database! 
FAIL! 13pahan13@mail.ru already exist in the Fryday database! 
FAIL! 13pol_13@mail.ru already exist in the Fryday database! 
FAIL! 13qwe@ukr.net already exist in the Fryday database! 
FAIL! 13voveg77@mail.ru already exist in the Fryday database! 
FAIL! 13_02_88@mail.ru already exist in the Fryday database! 
FAIL! 13_gav@mail.ru already exist in the Fryday database! 
FAIL! 140108@ukr.net already exist in the Fryday database! 
FAIL! 140783@bk.ru already exist in the Fryday database! 
FAIL! 1409_n@ukr.net already exist in the Fryday database! 
FAIL! 1410200784@mail.ru already exist in the Fryday database! 
FAIL! 149162536@ukr.net already exist in the Fryday database! 
FAIL! 14leno4ka14@mail.ru already exist in the Fryday database! 
FAIL! 1505199045@mail.ru already exist in the Fryday database! 
FAIL! 155musina@gmail.com already exist in the Fryday database! 
FAIL! 1571@mail.ru already exist in the Fryday database! 
FAIL! 1586535@bigmir.net already exist in the Fryday database! 
FAIL! 1599david@rambler.ru already exist in the Fryday database! 
FAIL! 15@mail.ru already exist in the Fryday database! 
FAIL! 15@ukr.net already exist in the Fryday database! 
FAIL! 15marysya@mail.ru already exist in the Fryday database! 
FAIL! 16055.84@mail.ru already exist in the Fryday database! 
FAIL! 160585@inbox.ru already exist in the Fryday database! 
FAIL! 1606770@mydbs.ie already exist in the Fryday database! 
FAIL! 1606kris@mail.ru already exist in the Fryday database! 
FAIL! 1610.91@mail.ru already exist in the Fryday database! 
FAIL! 16162002@ukr.net already exist in the Fryday database! 
FAIL! 161961@ukr.net already exist in the Fryday database! 
FAIL! 162219@ukr.net already exist in the Fryday database! 
FAIL! 16milana@rambler.ru already exist in the Fryday database! 
FAIL! 16qwu_89@mail.ru already exist in the Fryday database! 
FAIL! 17.10.84@bigmir.net.ua already exist in the Fryday database! 
FAIL! 17.gromov@gmail.com already exist in the Fryday database! 
FAIL! 170581@ukr.net already exist in the Fryday database! 
FAIL! 1711tanya@gmail.com already exist in the Fryday database! 
FAIL! 1719743@ukr.net already exist in the Fryday database! 
FAIL! 1755656@mail.ru already exist in the Fryday database! 
FAIL! 17944@student.hhs.se already exist in the Fryday database! 
FAIL! 17@ldr.net.ua already exist in the Fryday database! 
FAIL! 17natasha17@gmail.com already exist in the Fryday database! 
FAIL! 1801217@gmail.com already exist in the Fryday database! 
FAIL! 180172@ukr.net already exist in the Fryday database! 
FAIL! 182119@mail.ru already exist in the Fryday database! 
FAIL! 1858565@gmail.com already exist in the Fryday database! 
FAIL! 18missstory@mail.ru already exist in the Fryday database! 
FAIL! 1905@ukr.net already exist in the Fryday database! 
FAIL! 190@inbox.ru already exist in the Fryday database! 
FAIL! 1917go1917@gmail.com already exist in the Fryday database! 
FAIL! 19342519721313245@mail.ru already exist in the Fryday database! 
FAIL! 19461006@i.ua already exist in the Fryday database! 
FAIL! 1950_yanina@bigmir.net already exist in the Fryday database! 
FAIL! 1955jasmin@i.ua already exist in the Fryday database! 
FAIL! 1959vova@i.ua already exist in the Fryday database! 
FAIL! 196325@gmail.com already exist in the Fryday database! 
FAIL! 1963aro@gmail.com already exist in the Fryday database! 
FAIL! 1963jeweler@inbox.ru already exist in the Fryday database! 
FAIL! 19642906@mail.ru already exist in the Fryday database! 
FAIL! 1969datrix@mail.ru already exist in the Fryday database! 
FAIL! 196rental@gmail.com already exist in the Fryday database! 
FAIL! 19702302@ukr.net already exist in the Fryday database! 
FAIL! 1974_olga@mail.ru already exist in the Fryday database! 
FAIL! 1975200118@ukr.net already exist in the Fryday database! 
FAIL! 1976@ukr.net already exist in the Fryday database! 
FAIL! 19777@ms2.hinet.net already exist in the Fryday database! 
FAIL! 1977vital@ukr.net already exist in the Fryday database! 
FAIL! 1978nick@mail.ru already exist in the Fryday database! 
FAIL! 1978tatiana@mail.ru already exist in the Fryday database! 
FAIL! 19791981@ukr.net already exist in the Fryday database! 
FAIL! 1981petrova@mail.ru already exist in the Fryday database! 
FAIL! 19844@ukr.net already exist in the Fryday database! 
FAIL! 1984@mail.ru already exist in the Fryday database! 
FAIL! 1984roman@ukr.net already exist in the Fryday database! 
FAIL! 19870822@inbox.ru already exist in the Fryday database! 
FAIL! 1989anna@ukr.net already exist in the Fryday database! 
FAIL! 19910201@ukr.net already exist in the Fryday database! 
FAIL! 1991ivanna@gmail.com already exist in the Fryday database! 
FAIL! 1991oksana@rambler.ru already exist in the Fryday database! 
FAIL! 1994slava@gmail.com already exist in the Fryday database! 
FAIL! 19951207@ukr.net already exist in the Fryday database! 
FAIL! 199526@ukr.net already exist in the Fryday database! 
FAIL! 1996@lds.net.ua already exist in the Fryday database! 
FAIL! 19990606@mail.ru already exist in the Fryday database! 
FAIL! 199933@ukr.net already exist in the Fryday database! 
FAIL! 19bar@mail.ru already exist in the Fryday database! 
FAIL! 19c@list.ru already exist in the Fryday database! 
FAIL! 19dasha88@gmail.com already exist in the Fryday database! 
FAIL! 19dimon81@ukr.net already exist in the Fryday database! 
FAIL! 19elen7@mail.ru already exist in the Fryday database! 
FAIL! 19helen@ukr.net already exist in the Fryday database! 
FAIL! 19igor@mail.ru already exist in the Fryday database! 
FAIL! 19nata91@ukr.net already exist in the Fryday database! 
FAIL! 19olga73@gmail.com already exist in the Fryday database! 
FAIL! 19potok65@gmail.com already exist in the Fryday database! 
FAIL! 19roksolana60@ukr.net already exist in the Fryday database! 
FAIL! 19stalker86@mail.ru already exist in the Fryday database! 
FAIL! 19ven62@mail.ru already exist in the Fryday database! 
FAIL! 19_85@i.ua already exist in the Fryday database! 
FAIL! 19_vitjok_89@mail.ru already exist in the Fryday database! 
FAIL! 1@golovapr.com already exist in the Fryday database! 
FAIL! 1@jahsve.com already exist in the Fryday database! 
FAIL! 1@osting.ph already exist in the Fryday database! 
FAIL! 1arisa@mail.ru already exist in the Fryday database! 
FAIL! 1ati@rambler.ru already exist in the Fryday database! 
FAIL! 1azuravlev@gmail.com already exist in the Fryday database! 
FAIL! 1cprog@i.ua already exist in the Fryday database! 
FAIL! 1c_pr@mail.ru already exist in the Fryday database! 
FAIL! 1gfgbr@mail.ru already exist in the Fryday database! 
FAIL! 1hxfkv8p@bigmir.net already exist in the Fryday database! 
FAIL! 1julianna@rambler.ru already exist in the Fryday database! 
FAIL! 1june2000@mail.ru already exist in the Fryday database! 
FAIL! 1k62m@mail.ru already exist in the Fryday database! 
FAIL! 1kalyan1@mail.ru already exist in the Fryday database! 
FAIL! 1karass@mail.ru already exist in the Fryday database! 
FAIL! 1kn@ukr.net already exist in the Fryday database! 
FAIL! 1lena1@ukr.net already exist in the Fryday database! 
FAIL! 1lr_milena@mail.ru already exist in the Fryday database! 
FAIL! 1madam@ukr.net already exist in the Fryday database! 
FAIL! 1mag_pr@ukr.net already exist in the Fryday database! 
FAIL! 1martyk@gmail.com already exist in the Fryday database! 
FAIL! 1melan@rambler.ru already exist in the Fryday database! 
FAIL! 1models@ukr.net already exist in the Fryday database! 
FAIL! 1ovchar@gmail.com already exist in the Fryday database! 
FAIL! 1piton@mail.ru already exist in the Fryday database! 
FAIL! 1pub_white_horse@mail.ru already exist in the Fryday database! 
FAIL! 1pvn1@mail.ru already exist in the Fryday database! 
FAIL! 1senni1@ukr.net already exist in the Fryday database! 
FAIL! 1stranik@bigmir.net already exist in the Fryday database! 
FAIL! 1tanyshka@mail.ru already exist in the Fryday database! 
FAIL! 1tycoon@ukr.net already exist in the Fryday database! 
FAIL! 1vitysya@mail.ru already exist in the Fryday database! 
FAIL! 1vlad.belousov@gmail.com already exist in the Fryday database! 
FAIL! 1vladislav1@bigmir.net already exist in the Fryday database! 
FAIL! 2000vadik@i.ua already exist in the Fryday database! 
FAIL! 20032003@i.ua already exist in the Fryday database! 
FAIL! 2003july@mail.ru already exist in the Fryday database! 
FAIL! 2007anna3@rambler.ru already exist in the Fryday database! 
FAIL! 2007kiev@gmail.com already exist in the Fryday database! 
FAIL! 2007m@i.ua already exist in the Fryday database! 
FAIL! 20091010@ukr.net already exist in the Fryday database! 
FAIL! 200920091901@ukr.net already exist in the Fryday database! 
FAIL! 2009minami@gmail.com already exist in the Fryday database! 
FAIL! 2009ovg@mail.ru already exist in the Fryday database! 
FAIL! 2009polus@ukr.net already exist in the Fryday database! 
FAIL! 2009yaroslava@mail.ru already exist in the Fryday database! 
FAIL! 20101991@mail.ua already exist in the Fryday database! 
FAIL! 2010kiev@i.ua already exist in the Fryday database! 
FAIL! 2010rise@rambler.ru already exist in the Fryday database! 
FAIL! 2010ukr_vika@ukr.net already exist in the Fryday database! 
FAIL! 2011permmm@gmail.com already exist in the Fryday database! 
FAIL! 2011student@mail.ru already exist in the Fryday database! 
FAIL! 20120587@bigmir.net already exist in the Fryday database! 
FAIL! 201285@ukr.net already exist in the Fryday database! 
FAIL! 2013sgs@gmail.com already exist in the Fryday database! 
FAIL! 2015@mail.ru already exist in the Fryday database! 
FAIL! 201faketales@gmail.com already exist in the Fryday database! 
FAIL! 20222022@bigmir.net already exist in the Fryday database! 
FAIL! 2022@i.ua already exist in the Fryday database! 
FAIL! 2025517@gmail.com already exist in the Fryday database! 
FAIL! 20284@ukr.net already exist in the Fryday database! 
FAIL! 20399@ukr.net already exist in the Fryday database! 
FAIL! 203alex@ukr.net already exist in the Fryday database! 
FAIL! 2052@i.ua already exist in the Fryday database! 
FAIL! 20979@student.hhs.se already exist in the Fryday database! 
FAIL! 20990@student.hhs.se already exist in the Fryday database! 
FAIL! 20a@mail.ru already exist in the Fryday database! 
FAIL! 20fos@mail.ru already exist in the Fryday database! 
FAIL! 20let@vobu.com.ua already exist in the Fryday database! 
FAIL! 20somarina08@ukr.net already exist in the Fryday database! 
FAIL! 20_natalli@mail.ru already exist in the Fryday database! 
FAIL! 21041@student.hhs.se already exist in the Fryday database! 
FAIL! 21121982@ukr.net already exist in the Fryday database! 
FAIL! 211969@ukr.net already exist in the Fryday database! 
FAIL! 21@ukr.net already exist in the Fryday database! 
FAIL! 21liliy77@gmail.com already exist in the Fryday database! 
FAIL! 21ludavita@mail.ru already exist in the Fryday database! 
FAIL! 21u@ukr.net already exist in the Fryday database! 
FAIL! 22-11@ukr.net already exist in the Fryday database! 
FAIL! 2202987@gmail.com already exist in the Fryday database! 
FAIL! 2206407@i.ua already exist in the Fryday database! 
FAIL! 2216161@mail.ru already exist in the Fryday database! 
FAIL! 221703@rambler.ru already exist in the Fryday database! 
FAIL! 2220806@ukr.net already exist in the Fryday database! 
FAIL! 2222266@list.ru already exist in the Fryday database! 
FAIL! 22222andros@gmail.com already exist in the Fryday database! 
FAIL! 222555@inbox.ru already exist in the Fryday database! 
FAIL! 2227895@ukr.net already exist in the Fryday database! 
FAIL! 2232939@ukr.net already exist in the Fryday database! 
FAIL! 2234774@list.ru already exist in the Fryday database! 
FAIL! 2271948@i.ua already exist in the Fryday database! 
FAIL! 2277555@mail.ru already exist in the Fryday database! 
FAIL! 2285100@gmail.com already exist in the Fryday database! 
FAIL! 2293093@gmail.com already exist in the Fryday database! 
FAIL! 2296593@gmail.com already exist in the Fryday database! 
FAIL! 22_dima@ukr.net already exist in the Fryday database! 
FAIL! 22_t@mail.ru already exist in the Fryday database! 
FAIL! 230586@bigmir.net already exist in the Fryday database! 
FAIL! 2311347@gmail.com already exist in the Fryday database! 
FAIL! 232sch@gmail.com already exist in the Fryday database! 
FAIL! 2331848@i.ua already exist in the Fryday database! 
FAIL! 2332828@ukr.net already exist in the Fryday database! 
FAIL! 2335303@gmail.com already exist in the Fryday database! 
FAIL! 234561@ukr.net already exist in the Fryday database! 
FAIL! 2345967@gmail.com already exist in the Fryday database! 
FAIL! 2370180@ukr.net already exist in the Fryday database! 
FAIL! 2371340@mail.ru already exist in the Fryday database! 
FAIL! 2372085@gmail.com already exist in the Fryday database! 
FAIL! 238663@lantorg.com already exist in the Fryday database! 
FAIL! 23a@ukr.net already exist in the Fryday database! 
FAIL! 240466nata@list.ru already exist in the Fryday database! 
FAIL! 24081996@mail.ru already exist in the Fryday database! 
FAIL! 241691@mail.ru already exist in the Fryday database! 
FAIL! 242012@mail.ru already exist in the Fryday database! 
FAIL! 2445939@inbox.ru already exist in the Fryday database! 
FAIL! 2465881@online.ua already exist in the Fryday database! 
FAIL! 24777@mail.ru already exist in the Fryday database! 
FAIL! 24866@mail.ru already exist in the Fryday database! 
FAIL! 24belov24@mail.ru already exist in the Fryday database! 
FAIL! 24olya07@rambler.ru already exist in the Fryday database! 
FAIL! 24ventures@gmail.com already exist in the Fryday database! 
FAIL! 2500872@ukr.net already exist in the Fryday database! 
FAIL! 25021966@mail.ru already exist in the Fryday database! 
FAIL! 2511984@ukr.net already exist in the Fryday database! 
FAIL! 251953@ukr.net already exist in the Fryday database! 
FAIL! 2546677@mail.ru already exist in the Fryday database! 
FAIL! 25alinatkachuk@gmail.com already exist in the Fryday database! 
FAIL! 25lintai@gmail.com already exist in the Fryday database! 
FAIL! 25pipeto4ka07@mail.ru already exist in the Fryday database! 
FAIL! 25tolok@ukr.net already exist in the Fryday database! 
FAIL! 25tvp@mail.ru already exist in the Fryday database! 
FAIL! 25_25_nata@mail.ru already exist in the Fryday database! 
FAIL! 26000000@i.ua already exist in the Fryday database! 
FAIL! 2604pravo12@mail.ru already exist in the Fryday database! 
FAIL! 26061969@mail.ru already exist in the Fryday database! 
FAIL! 2648864natali@mail.ru already exist in the Fryday database! 
FAIL! 26chanel@mail.ru already exist in the Fryday database! 
FAIL! 270402@mail.ru already exist in the Fryday database! 
FAIL! 270797@rambler.ru already exist in the Fryday database! 
FAIL! 27081968@list.ru already exist in the Fryday database! 
FAIL! 270880@ukr.net already exist in the Fryday database! 
FAIL! 2709_snv@mail.ru already exist in the Fryday database! 
FAIL! 2710vbkf@ukr.net already exist in the Fryday database! 
FAIL! 271107@mail.ru already exist in the Fryday database! 
FAIL! 2717076@rambler.ru already exist in the Fryday database! 
FAIL! 2741404@mail.ru already exist in the Fryday database! 
FAIL! 2759878@ukr.net already exist in the Fryday database! 
FAIL! 2761105@rambler.ru already exist in the Fryday database! 
FAIL! 2796767@ukr.net already exist in the Fryday database! 
FAIL! 27happ2010@mail.ru already exist in the Fryday database! 
FAIL! 27juli@mail.ru already exist in the Fryday database! 
FAIL! 27maximus@ukr.net already exist in the Fryday database! 
FAIL! 2800152@ukr.net already exist in the Fryday database! 
FAIL! 2848404_89@mail.ru already exist in the Fryday database! 
FAIL! 285921@mail.ru already exist in the Fryday database! 
FAIL! 28603350@mail.ru already exist in the Fryday database! 
FAIL! 2863@mail.ru already exist in the Fryday database! 
FAIL! 286e@mail.ru already exist in the Fryday database! 
FAIL! 2870247@mail.ru already exist in the Fryday database! 
FAIL! 2871738@mail.ru already exist in the Fryday database! 
FAIL! 28765@mail.ru already exist in the Fryday database! 
FAIL! 2876831@mail.ru already exist in the Fryday database! 
FAIL! 2883134@ukr.net already exist in the Fryday database! 
FAIL! 28helen77@mail.ru already exist in the Fryday database! 
FAIL! 28maa69@gmail.com already exist in the Fryday database! 
FAIL! 28snejulka28@rambler.ru already exist in the Fryday database! 
FAIL! 29.180@ukr.net already exist in the Fryday database! 
FAIL! 29232923@bigmir.net already exist in the Fryday database! 
FAIL! 2@5.ht already exist in the Fryday database! 
FAIL! 2alyona.mir@gmail.com already exist in the Fryday database! 
FAIL! 2ap6y3@ukr.net already exist in the Fryday database! 
FAIL! 2bc@ukr.net already exist in the Fryday database! 
FAIL! 2helen@ua.fm already exist in the Fryday database! 
FAIL! 2kemul@gmail.com already exist in the Fryday database! 
FAIL! 2levenets@mail.ru already exist in the Fryday database! 
FAIL! 2mad4u@ukr.net already exist in the Fryday database! 
FAIL! 2mama@ukr.net already exist in the Fryday database! 
FAIL! 2pac2009@ukr.net already exist in the Fryday database! 
FAIL! 2pryimalna2@gmail.com already exist in the Fryday database! 
FAIL! 2spitta@gmail.com already exist in the Fryday database! 
FAIL! 2startsmart@gmail.com already exist in the Fryday database! 
FAIL! 2svetalight@mail.ru already exist in the Fryday database! 
FAIL! 2tango@mail.ru already exist in the Fryday database! 
FAIL! 2volena@gmail.com already exist in the Fryday database! 
FAIL! 2_dollars@ukr.net already exist in the Fryday database! 
FAIL! 2_nata_2@mail.ru already exist in the Fryday database! 
FAIL! 3-32@mail.ru already exist in the Fryday database! 
FAIL! 30056383@mail.ru already exist in the Fryday database! 
FAIL! 3011991@bigmir.net already exist in the Fryday database! 
FAIL! 309895@gmail.com already exist in the Fryday database! 
FAIL! 30a3030@i.ua already exist in the Fryday database! 
FAIL! 3102086@gmail.com already exist in the Fryday database! 
FAIL! 310384@ukr.net already exist in the Fryday database! 
FAIL! 3105007@gmail.com already exist in the Fryday database! 
FAIL! 31051965@ukr.net already exist in the Fryday database! 
FAIL! 3113sandy@gmail.com already exist in the Fryday database! 
FAIL! 3148289@gmail.com already exist in the Fryday database! 
FAIL! 31berezny@mail.ru already exist in the Fryday database! 
FAIL! 32007@ukr.net already exist in the Fryday database! 
FAIL! 3204286@mail.ru already exist in the Fryday database! 
FAIL! 320478@gmail.com already exist in the Fryday database! 
FAIL! 320864@ukr.net already exist in the Fryday database! 
FAIL! 3210000@ukr.net already exist in the Fryday database! 
FAIL! 321a@ukr.net already exist in the Fryday database! 
FAIL! 325@ukr.net already exist in the Fryday database! 
FAIL! 3292813@gmail.com already exist in the Fryday database! 
FAIL! 32q32q@ukr.net already exist in the Fryday database! 
FAIL! 3314042@holod-print.com.ua already exist in the Fryday database! 
FAIL! 3315753@mail.ru already exist in the Fryday database! 
FAIL! 3320975@ukr.net already exist in the Fryday database! 
FAIL! 3321678@i.ua already exist in the Fryday database! 
FAIL! 333888333888@ukr.net already exist in the Fryday database! 
FAIL! 33416@ukr.net already exist in the Fryday database! 
FAIL! 3348376@gmail.com already exist in the Fryday database! 
FAIL! 3369502@ukr.net already exist in the Fryday database! 
FAIL! 3385919@gmail.com already exist in the Fryday database! 
FAIL! 33vasylchenko@gmail.com already exist in the Fryday database! 
FAIL! 34555888@mail.ru already exist in the Fryday database! 
FAIL! 34555@mail.ru already exist in the Fryday database! 
FAIL! 35049@mail.ru already exist in the Fryday database! 
FAIL! 3513089@ukr.net already exist in the Fryday database! 
FAIL! 3530047@gmail.com already exist in the Fryday database! 
FAIL! 3531353@gmail.com already exist in the Fryday database! 
FAIL! 3539460@ukr.net already exist in the Fryday database! 
FAIL! 3557550@rambler.ru already exist in the Fryday database! 
FAIL! 3588888@i.ua already exist in the Fryday database! 
FAIL! 360a@ukr.net already exist in the Fryday database! 
FAIL! 3617560@ukr.net already exist in the Fryday database! 
FAIL! 3625992@ukr.net already exist in the Fryday database! 
FAIL! 3677104@mail.ru already exist in the Fryday database! 
FAIL! 368kvv@mail.ru already exist in the Fryday database! 
FAIL! 369@ukr.net already exist in the Fryday database! 
FAIL! 36svetlana36@mail.ru already exist in the Fryday database! 
FAIL! 3711557@gmail.com already exist in the Fryday database! 
FAIL! 371tem@mail.ru already exist in the Fryday database! 
FAIL! 3735029@gmail.com already exist in the Fryday database! 
FAIL! 373j@mail.ru already exist in the Fryday database! 
FAIL! 3766581@gmail.com already exist in the Fryday database! 
FAIL! 380671724744@yandex.ua already exist in the Fryday database! 
FAIL! 380932302300@ukr.net already exist in the Fryday database! 
FAIL! 3849393@gmail.com already exist in the Fryday database! 
FAIL! 3860539@ukr.net already exist in the Fryday database! 
FAIL! 3862796@ukr.net already exist in the Fryday database! 
FAIL! 3915187@ukr.net already exist in the Fryday database! 
FAIL! 399115@gmail.com already exist in the Fryday database! 
FAIL! 3@rambler.ru already exist in the Fryday database! 
FAIL! 3ajk@i.ua already exist in the Fryday database! 
FAIL! 3bulavki@mail.ru already exist in the Fryday database! 
FAIL! 3dgalina@ukr.net already exist in the Fryday database! 
FAIL! 3dgs@ukr.net already exist in the Fryday database! 
FAIL! 3dmono@gmail.com already exist in the Fryday database! 
FAIL! 3k.alina@gmail.com already exist in the Fryday database! 
FAIL! 3louterr@list.ru already exist in the Fryday database! 
FAIL! 3lubov3@ukr.net already exist in the Fryday database! 
FAIL! 3sanya@mail.ru already exist in the Fryday database! 
FAIL! 3studiotv@gmail.com already exist in the Fryday database! 
FAIL! 3work@mail.ru already exist in the Fryday database! 
FAIL! 3x3@ukr.net already exist in the Fryday database! 
FAIL! 4-3-2-1@ukr.net already exist in the Fryday database! 
FAIL! 4009474@ukr.net already exist in the Fryday database! 
FAIL! 401631@mail.ru already exist in the Fryday database! 
FAIL! 401666@mail.ru already exist in the Fryday database! 
FAIL! 4054050@gmail.com already exist in the Fryday database! 
FAIL! 4103288@gmail.com already exist in the Fryday database! 
FAIL! 410724@rambler.ru already exist in the Fryday database! 
FAIL! 4144045@gmail.com already exist in the Fryday database! 
FAIL! 4190494@gmail.com already exist in the Fryday database! 
FAIL! 419stanley.budden@gaiaherbs.com already exist in the Fryday database! 
FAIL! 4224825@ukr.net already exist in the Fryday database! 
FAIL! 422@rambler.ru already exist in the Fryday database! 
FAIL! 4240799@gmail.com already exist in the Fryday database! 
FAIL! 4246@ukr.net already exist in the Fryday database! 
FAIL! 4247979@mail.ru already exist in the Fryday database! 
FAIL! 42614@mail.ru already exist in the Fryday database! 
FAIL! 4303771@mail.ru already exist in the Fryday database! 
FAIL! 4304017@gmail.com already exist in the Fryday database! 
FAIL! 4344879@mail.ru already exist in the Fryday database! 
FAIL! 4404@list.ru already exist in the Fryday database! 
FAIL! 4411029@gmail.com already exist in the Fryday database! 
FAIL! 4420864@gmail.com already exist in the Fryday database! 
FAIL! 444ivk444@rambler.ru already exist in the Fryday database! 
FAIL! 4471772@gmail.com already exist in the Fryday database! 
FAIL! 4483676@gmail.com already exist in the Fryday database! 
FAIL! 4494097@ukr.net already exist in the Fryday database! 
FAIL! 4494251@mail.ru already exist in the Fryday database! 
FAIL! 4528566@mail.ru already exist in the Fryday database! 
FAIL! 455552@mail.ru already exist in the Fryday database! 
FAIL! 45lme@ukr.net already exist in the Fryday database! 
FAIL! 4601293@mail.ru already exist in the Fryday database! 
FAIL! 4650207@gmail.com already exist in the Fryday database! 
FAIL! 46565@mail.ru already exist in the Fryday database! 
FAIL! 4685544@gmail.com already exist in the Fryday database! 
FAIL! 4707@rambler.ru already exist in the Fryday database! 
FAIL! 4711@ukr.net already exist in the Fryday database! 
FAIL! 4754043@ukr.net already exist in the Fryday database! 
FAIL! 47orb@mail.ru already exist in the Fryday database! 
FAIL! 487130336@mail.ru already exist in the Fryday database! 
FAIL! 4884240@ukr.net already exist in the Fryday database! 
FAIL! 4921171@rambler.ru already exist in the Fryday database! 
FAIL! 49379@ukr.net already exist in the Fryday database! 
FAIL! 4aika@ua.fm already exist in the Fryday database! 
FAIL! 4anny@ukr.net already exist in the Fryday database! 
FAIL! 4apkis@ukr.net already exist in the Fryday database! 
FAIL! 4ara54@mail.ru already exist in the Fryday database! 
FAIL! 4bonya@gmail.com already exist in the Fryday database! 
FAIL! 4bva@mail.ru already exist in the Fryday database! 
FAIL! 4dbrand@gmail.com already exist in the Fryday database! 
FAIL! 4e4enka@gmail.com already exist in the Fryday database! 
FAIL! 4e6ypek_91@mail.ru already exist in the Fryday database! 
FAIL! 4efir_07@mail.ru already exist in the Fryday database! 
FAIL! 4elen@ua.fm already exist in the Fryday database! 
FAIL! 4en_13@inbox.ru already exist in the Fryday database! 
FAIL! 4erteg@gmail.com already exist in the Fryday database! 
FAIL! 4ertegg@gmail.com already exist in the Fryday database! 
FAIL! 4ertl@ua.fm already exist in the Fryday database! 
FAIL! 4ever_87@mail.ru already exist in the Fryday database! 
FAIL! 4h.kik@ukr.net already exist in the Fryday database! 
FAIL! 4iabatta@gmail.com already exist in the Fryday database! 
FAIL! 4ikahytuy@rambler.ru already exist in the Fryday database! 
FAIL! 4ik_4ik@bigmir.net already exist in the Fryday database! 
FAIL! 4illa@mail.ru already exist in the Fryday database! 
FAIL! 4ipyshilka@rambler.ru already exist in the Fryday database! 
FAIL! 4irusia@gmail.com already exist in the Fryday database! 
FAIL! 4iterua@bk.ru already exist in the Fryday database! 
FAIL! 4ivertak@ukr.net already exist in the Fryday database! 
FAIL! 4izga@mail.ru already exist in the Fryday database! 
FAIL! 4kiril4@bigmir.net already exist in the Fryday database! 
FAIL! 4may@i.ua already exist in the Fryday database! 
FAIL! 4nila@mail.ru already exist in the Fryday database! 
FAIL! 4ornuy89@mail.ru already exist in the Fryday database! 
FAIL! 4oy@ukr.net already exist in the Fryday database! 
FAIL! 4rent@citycar.com.ua already exist in the Fryday database! 
FAIL! 4shash@gmail.com already exist in the Fryday database! 
FAIL! 4sholpanovich@gmail.com already exist in the Fryday database! 
FAIL! 4sla@mail.ru already exist in the Fryday database! 
FAIL! 4sops4@gmail.com already exist in the Fryday database! 
FAIL! 4stepanova@ukr.net already exist in the Fryday database! 
FAIL! 4tanita@gmail.com already exist in the Fryday database! 
FAIL! 4tikhonov@gmail.com already exist in the Fryday database! 
FAIL! 4udo0709@mail.ru already exist in the Fryday database! 
FAIL! 4uonyx@ukr.net already exist in the Fryday database! 
FAIL! 4urkan@mail.ru already exist in the Fryday database! 
FAIL! 4uva4ok8@mail.ru already exist in the Fryday database! 
FAIL! 4wanderer4@gmail.com already exist in the Fryday database! 
FAIL! 4xindaclub@gmail.com already exist in the Fryday database! 
FAIL! 4yb@ukr.net already exist in the Fryday database! 
FAIL! 4ybaka@inbox.ru already exist in the Fryday database! 
FAIL! 4ybalex@gmail.com already exist in the Fryday database! 
FAIL! 4ydo-19@ukr.net already exist in the Fryday database! 
FAIL! 4yk87@mail.ru already exist in the Fryday database! 
FAIL! 4_kda@ukr.net already exist in the Fryday database! 
FAIL! 4_posh@ukr.net already exist in the Fryday database! 
FAIL! 5002294@ukr.net already exist in the Fryday database! 
FAIL! 5008623@gmail.com already exist in the Fryday database! 
FAIL! 5011496@i.ua already exist in the Fryday database! 
FAIL! 50183@rambler.ru already exist in the Fryday database! 
FAIL! 5024162@mail.ru already exist in the Fryday database! 
FAIL! 5028502@gmail.com already exist in the Fryday database! 
FAIL! 504843077@i.ua already exist in the Fryday database! 
FAIL! 50letmetro@metro.kiev.ua already exist in the Fryday database! 
FAIL! 5134942@gmail.com already exist in the Fryday database! 
FAIL! 5149914@mail.ru already exist in the Fryday database! 
FAIL! 5159708@ukr.net already exist in the Fryday database! 
FAIL! 517design@gmail.com already exist in the Fryday database! 
FAIL! 5181378@gmail.com already exist in the Fryday database! 
FAIL! 51b1fefa.8090005@mailbox.tu-dresden.de already exist in the Fryday database! 
FAIL! 51b1ffc8.4040001@mailbox.tu-dresden.de already exist in the Fryday database! 
FAIL! 51f37e03.8070200@mailbox.tu-dresden.de already exist in the Fryday database! 
FAIL! 525e34@gmail.com already exist in the Fryday database! 
FAIL! 5283999@gmail.com already exist in the Fryday database! 
FAIL! 5328705@bigmir.net already exist in the Fryday database! 
FAIL! 5333570@ukr.net already exist in the Fryday database! 
FAIL! 5353368@rambler.ru already exist in the Fryday database! 
FAIL! 5362206@ukr.net already exist in the Fryday database! 
FAIL! 540383@ukr.net already exist in the Fryday database! 
FAIL! 5431232@bk.ru already exist in the Fryday database! 
FAIL! 545451215@bigmir.net already exist in the Fryday database! 
FAIL! 5461934@ukr.net already exist in the Fryday database! 
FAIL! 5470777@mail.ru already exist in the Fryday database! 
FAIL! 5482522@ukr.net already exist in the Fryday database! 
FAIL! 5508254@ukr.net already exist in the Fryday database! 
FAIL! 552353495@bigmir.net already exist in the Fryday database! 
FAIL! 55244@ukr.net already exist in the Fryday database! 
FAIL! 5534524@mail.ru already exist in the Fryday database! 
FAIL! 5549023@mail.ru already exist in the Fryday database! 
FAIL! 5551212@ukr.net already exist in the Fryday database! 
FAIL! 555andreewa555@qip.ru already exist in the Fryday database! 
FAIL! 555olga63@mail.ru already exist in the Fryday database! 
FAIL! 555ukr.net@ukr.net already exist in the Fryday database! 
FAIL! 557389@ukr.net already exist in the Fryday database! 
FAIL! 5596180@mail.ru already exist in the Fryday database! 
FAIL! 559834@rambler.ru already exist in the Fryday database! 
FAIL! 5657838@ukr.net already exist in the Fryday database! 
FAIL! 5674413@gmail.com already exist in the Fryday database! 
FAIL! 5702064@ukr.net already exist in the Fryday database! 
FAIL! 5746562@ukr.net already exist in the Fryday database! 
FAIL! 5747094@mail.ru already exist in the Fryday database! 
FAIL! 5755543@ukr.net already exist in the Fryday database! 
FAIL! 5782328@gmail.com already exist in the Fryday database! 
FAIL! 57911@i.ua already exist in the Fryday database! 
FAIL! 579418@ukr.net already exist in the Fryday database! 
FAIL! 5794269@gmail.com already exist in the Fryday database! 
FAIL! 5921110@ukr.net already exist in the Fryday database! 
FAIL! 5929456@ukr.net already exist in the Fryday database! 
FAIL! 5933639@gmail.com already exist in the Fryday database! 
FAIL! 59koralex@mail.ru already exist in the Fryday database! 
FAIL! 5ak2333303@gmail.com already exist in the Fryday database! 
FAIL! 5dninfo@mail.ru already exist in the Fryday database! 
FAIL! 5ech.ave@mail.ru already exist in the Fryday database! 
FAIL! 5el@ukr.net already exist in the Fryday database! 
FAIL! 5element.vet@gmail.com already exist in the Fryday database! 
FAIL! 5ilova87@gmail.com already exist in the Fryday database! 
FAIL! 5roma@ukr.net already exist in the Fryday database! 
FAIL! 5rtb@ukr.net already exist in the Fryday database! 
FAIL! 5ruelsoft@gmail.com already exist in the Fryday database! 
FAIL! 5yura5@ukr.net already exist in the Fryday database! 
FAIL! 5_element@list.ru already exist in the Fryday database! 
FAIL! 6006023@gmail.com already exist in the Fryday database! 
FAIL! 604597@rambler.ru already exist in the Fryday database! 
FAIL! 6066070@gmail.com already exist in the Fryday database! 
FAIL! 60teaser60@gmail.com already exist in the Fryday database! 
FAIL! 6132004@ukr.net already exist in the Fryday database! 
FAIL! 624@bmelv.bund.de already exist in the Fryday database! 
FAIL! 629162@ukr.net already exist in the Fryday database! 
FAIL! 62teaser62@gmail.com already exist in the Fryday database! 
FAIL! 6311378@gmail.com already exist in the Fryday database! 
FAIL! 6333280@gmail.com already exist in the Fryday database! 
FAIL! 634400@ukr.net already exist in the Fryday database! 
FAIL! 63561@ukr.net already exist in the Fryday database! 
FAIL! 63valentina@gmail.com already exist in the Fryday database! 
FAIL! 63vv63@rambler.ru already exist in the Fryday database! 
FAIL! 6422170@mail.ru already exist in the Fryday database! 
FAIL! 6422172@mail.ru already exist in the Fryday database! 
FAIL! 6432025@gmail.com already exist in the Fryday database! 
FAIL! 64387@rambler.ru already exist in the Fryday database! 
FAIL! 64x.ru@mail.ru already exist in the Fryday database! 
FAIL! 65012@mail.ru already exist in the Fryday database! 
FAIL! 655284@gmail.com already exist in the Fryday database! 
FAIL! 6604500@mail.ru already exist in the Fryday database! 
FAIL! 6606326@gmail.com already exist in the Fryday database! 
FAIL! 664422@i.ua already exist in the Fryday database! 
FAIL! 667706@ukr.net already exist in the Fryday database! 
FAIL! 6730441@gmail.com already exist in the Fryday database! 
FAIL! 67@mail.ru already exist in the Fryday database! 
FAIL! 67vlad@ukr.net already exist in the Fryday database! 
FAIL! 688077@mail.ru already exist in the Fryday database! 
FAIL! 68_ksy@bk.ru already exist in the Fryday database! 
FAIL! 6919494@mail.ru already exist in the Fryday database! 
FAIL! 69516@mail.ru already exist in the Fryday database! 
FAIL! 6e6ewko@mail.ru already exist in the Fryday database! 
FAIL! 6johnsons@gmail.com already exist in the Fryday database! 
FAIL! 6sensehr@gmail.com already exist in the Fryday database! 
FAIL! 7-nikita@mail.ru already exist in the Fryday database! 
FAIL! 7.lites@gmail.com already exist in the Fryday database! 
FAIL! 7.n.n.s.8@rambler.ru already exist in the Fryday database! 
FAIL! 7009699@gmail.com already exist in the Fryday database! 
FAIL! 7010102@gmail.com already exist in the Fryday database! 
FAIL! 7021979@mail.ru already exist in the Fryday database! 
FAIL! 7070705@bk.ru already exist in the Fryday database! 
FAIL! 7080002@i.ua already exist in the Fryday database! 
FAIL! 7091zvv@i.ua already exist in the Fryday database! 
FAIL! 70@ukr.net already exist in the Fryday database! 
FAIL! 7169386@gmail.com already exist in the Fryday database! 
FAIL! 7178254@mail.ru already exist in the Fryday database! 
FAIL! 7207898@mail.ru already exist in the Fryday database! 
FAIL! 7211531@gmail.com already exist in the Fryday database! 
FAIL! 7277@ukr.net already exist in the Fryday database! 
FAIL! 7308165@rambler.ru already exist in the Fryday database! 
FAIL! 7405393@mail.ru already exist in the Fryday database! 
FAIL! 7417452@i.ua already exist in the Fryday database! 
FAIL! 7473855@ukr.net already exist in the Fryday database! 
FAIL! 7525700@gmail.com already exist in the Fryday database! 
FAIL! 75@mail.ru already exist in the Fryday database! 
FAIL! 760760@mail.ru already exist in the Fryday database! 
FAIL! 7612950@mail.ru already exist in the Fryday database! 
FAIL! 7612997@gmail.com already exist in the Fryday database! 
FAIL! 77555222@ukr.net already exist in the Fryday database! 
FAIL! 7772010@ukr.net already exist in the Fryday database! 
FAIL! 7777isida@list.ru already exist in the Fryday database! 
FAIL! 777@bigmir.net already exist in the Fryday database! 
FAIL! 777@ukr.net already exist in the Fryday database! 
FAIL! 777alena7@gmail.com already exist in the Fryday database! 
FAIL! 777alla_2211@mail.ru already exist in the Fryday database! 
FAIL! 777angelo4ek777@mail.ru already exist in the Fryday database! 
FAIL! 777citcat@ukr.net already exist in the Fryday database! 
FAIL! 777dema777@i.ua already exist in the Fryday database! 
FAIL! 777dzhaman@rambler.ru already exist in the Fryday database! 
FAIL! 777fox@mail.ru already exist in the Fryday database! 
FAIL! 777haman@ukr.net already exist in the Fryday database! 
FAIL! 777igor7@i.ua already exist in the Fryday database! 
FAIL! 777lines@mail.ru already exist in the Fryday database! 
FAIL! 777log@ukr.net already exist in the Fryday database! 
FAIL! 777marlboro777@bigmir.net already exist in the Fryday database! 
FAIL! 777marlboro777@ukr.net already exist in the Fryday database! 
FAIL! 777mens777@gmail.com already exist in the Fryday database! 
FAIL! 777nika777nika@rambler.ru already exist in the Fryday database! 
FAIL! 777okremova@ukr.net already exist in the Fryday database! 
FAIL! 777pups@gmail.com already exist in the Fryday database! 
FAIL! 777shmit777@mail.ru already exist in the Fryday database! 
FAIL! 777star@inbox.ru already exist in the Fryday database! 
FAIL! 777style@i.ua already exist in the Fryday database! 
FAIL! 777tanya07@mail.ru already exist in the Fryday database! 
FAIL! 777vsev@gmail.com already exist in the Fryday database! 
FAIL! 777_anna@mail.ru already exist in the Fryday database! 
FAIL! 777_kiev@bigmir.net already exist in the Fryday database! 
FAIL! 777_lyuda@ukr.net already exist in the Fryday database! 
FAIL! 77aliona-ok77@mail.ru already exist in the Fryday database! 
FAIL! 77grig@mail.ru already exist in the Fryday database! 
FAIL! 77natawa@gmail.com already exist in the Fryday database! 
FAIL! 77orel77@ukr.net already exist in the Fryday database! 
FAIL! 77snv@mail.ru already exist in the Fryday database! 
FAIL! 781209@list.ru already exist in the Fryday database! 
FAIL! 7823359@gmail.com already exist in the Fryday database! 
FAIL! 7873383@gmail.com already exist in the Fryday database! 
FAIL! 78@mail.ru already exist in the Fryday database! 
FAIL! 7910@mail.ru already exist in the Fryday database! 
FAIL! 7919191@gmail.com already exist in the Fryday database! 
FAIL! 7951359@ukr.net already exist in the Fryday database! 
FAIL! 79donaz@gmail.com already exist in the Fryday database! 
FAIL! 79elen@ukr.net already exist in the Fryday database! 
FAIL! 7@mail.ru already exist in the Fryday database! 
FAIL! 7aksen@ukr.net already exist in the Fryday database! 
FAIL! 7ala@mail.ru already exist in the Fryday database! 
FAIL! 7alena12@bigmir.net already exist in the Fryday database! 
FAIL! 7alexander7@gmail.com already exist in the Fryday database! 
FAIL! 7apollo7@mail.ru already exist in the Fryday database! 
FAIL! 7chudo_sveta@ukr.net already exist in the Fryday database! 
FAIL! 7darkfog2@gmail.com already exist in the Fryday database! 
FAIL! 7dima85@mail.ru already exist in the Fryday database! 
FAIL! 7diordienko@mail.ru already exist in the Fryday database! 
FAIL! 7drade@gmail.com already exist in the Fryday database! 
FAIL! 7elenavolk@gmail.com already exist in the Fryday database! 
FAIL! 7gog@ua.fm already exist in the Fryday database! 
FAIL! 7gvinbleidd7@mail.ru already exist in the Fryday database! 
FAIL! 7kareza@rambler.ru already exist in the Fryday database! 
FAIL! 7kreker7@rambler.ru already exist in the Fryday database! 
FAIL! 7mikael@ukr.net already exist in the Fryday database! 
FAIL! 7oleja7@mail.ru already exist in the Fryday database! 
FAIL! 7serega7777@gmail.com already exist in the Fryday database! 
FAIL! 7slava@ukr.net already exist in the Fryday database! 
FAIL! 7vtlk@rambler.ru already exist in the Fryday database! 
FAIL! 7ya.4@mail.ru already exist in the Fryday database! 
FAIL! 7zenja@gmail.com already exist in the Fryday database! 
FAIL! 8022426@gmail.com already exist in the Fryday database! 
FAIL! 8027724@ukr.net already exist in the Fryday database! 
FAIL! 80442006@ukr.net already exist in the Fryday database! 
FAIL! 80503326933@mail.ru already exist in the Fryday database! 
FAIL! 80503727706@ukr.net already exist in the Fryday database! 
FAIL! 80506402974@mail.ru already exist in the Fryday database! 
FAIL! 80588@mail.ru already exist in the Fryday database! 
FAIL! 80636848996@ukr.net already exist in the Fryday database! 
FAIL! 80666211170@mail.ru already exist in the Fryday database! 
FAIL! 80671762751@ukr.net already exist in the Fryday database! 
FAIL! 80934611444@ukr.net already exist in the Fryday database! 
FAIL! 80955012528@ukr.net already exist in the Fryday database! 
FAIL! 80957171760@mail.ru already exist in the Fryday database! 
FAIL! 80965510199@mail.ru already exist in the Fryday database! 
FAIL! 80966780786@mail.ru already exist in the Fryday database! 
FAIL! 80968887800@bigmir.net already exist in the Fryday database! 
FAIL! 80976277080@rambler.ru already exist in the Fryday database! 
FAIL! 80977038315@ukr.net already exist in the Fryday database! 
FAIL! 80980887323@ukr.net already exist in the Fryday database! 
FAIL! 80993545888@mail.ru already exist in the Fryday database! 
FAIL! 818zjh@chinaopen.com.cn already exist in the Fryday database! 
FAIL! 81996@mail.ru already exist in the Fryday database! 
FAIL! 81sever81@mail.ru already exist in the Fryday database! 
FAIL! 8212345@mail.ru already exist in the Fryday database! 
FAIL! 8244427@ukr.net already exist in the Fryday database! 
FAIL! 82@mail.ru already exist in the Fryday database! 
FAIL! 82teaser82@gmail.com already exist in the Fryday database! 
FAIL! 8364125@mail.ru already exist in the Fryday database! 
FAIL! 839079@gmail.com already exist in the Fryday database! 
FAIL! 83@mail.ru already exist in the Fryday database! 
FAIL! 8405@mail.ru already exist in the Fryday database! 
FAIL! 840bl@5.ht already exist in the Fryday database! 
FAIL! 8423838@mail.ru already exist in the Fryday database! 
FAIL! 84@mail.ru already exist in the Fryday database! 
FAIL! 8557918@gmail.com already exist in the Fryday database! 
FAIL! 85858585@ukr.net already exist in the Fryday database! 
FAIL! 86@inbox.ru already exist in the Fryday database! 
FAIL! 86q8686@mail.ru already exist in the Fryday database! 
FAIL! 8747127@gmail.com already exist in the Fryday database! 
FAIL! 8785871@mail.ru already exist in the Fryday database! 
FAIL! 87karolina@mail.ru already exist in the Fryday database! 
FAIL! 8850885@i.ua already exist in the Fryday database! 
FAIL! 888444s@mail.ru already exist in the Fryday database! 
FAIL! 88andrey@ukr.net already exist in the Fryday database! 
FAIL! 88kissya88@mail.ru already exist in the Fryday database! 
FAIL! 88natella@mail.ru already exist in the Fryday database! 
FAIL! 88olichka88@rambler.ru already exist in the Fryday database! 
FAIL! 88project@gmail.com already exist in the Fryday database! 
FAIL! 88stanislav@mail.ru already exist in the Fryday database! 
FAIL! 88yash@gmail.com already exist in the Fryday database! 
FAIL! 89508189739@rambler.ru already exist in the Fryday database! 
FAIL! 8b5@l.ht already exist in the Fryday database! 
FAIL! 8beemayya8@gmail.com already exist in the Fryday database! 
FAIL! 8m4@s.ua already exist in the Fryday database! 
FAIL! 8nata6@ukr.net already exist in the Fryday database! 
FAIL! 8olesya_9@mail.ru already exist in the Fryday database! 
FAIL! 8soft8@mail.ru already exist in the Fryday database! 
FAIL! 8taksopark@gmail.com already exist in the Fryday database! 
FAIL! 90.dnz@mail.ru already exist in the Fryday database! 
FAIL! 9090125@mail.ru already exist in the Fryday database! 
FAIL! 911@evrika.kiev.ua already exist in the Fryday database! 
FAIL! 911group@i.ua already exist in the Fryday database! 
FAIL! 91@mail.ru already exist in the Fryday database! 
FAIL! 9220175@list.ru already exist in the Fryday database! 
FAIL! 925267@mail.ru already exist in the Fryday database! 
FAIL! 9269597@bk.ru already exist in the Fryday database! 
FAIL! 9279099@list.ru already exist in the Fryday database! 
FAIL! 9334519@gmail.com already exist in the Fryday database! 
FAIL! 9403@i.ua already exist in the Fryday database! 
FAIL! 94116@ukr.net already exist in the Fryday database! 
FAIL! 9444949@mail.ru already exist in the Fryday database! 
FAIL! 9447311@mail.ru already exist in the Fryday database! 
FAIL! 9593265@gmail.com already exist in the Fryday database! 
FAIL! 9595lev@ukr.net already exist in the Fryday database! 
FAIL! 960brick@gmail.com already exist in the Fryday database! 
FAIL! 9667475@gmail.com already exist in the Fryday database! 
FAIL! 9686621@gmail.com already exist in the Fryday database! 
FAIL! 9690089@ukr.net already exist in the Fryday database! 
FAIL! 9714989@ukr.net already exist in the Fryday database! 
FAIL! 9753julija@mail.ru already exist in the Fryday database! 
FAIL! 975natalya@gmail.com already exist in the Fryday database! 
FAIL! 9774741@ukr.net already exist in the Fryday database! 
FAIL! 9777492@gmail.com already exist in the Fryday database! 
FAIL! 9823227@mail.ru already exist in the Fryday database! 
FAIL! 9826340@gmail.com already exist in the Fryday database! 
FAIL! 9842101@mail.ru already exist in the Fryday database! 
FAIL! 9844881@mail.ru already exist in the Fryday database! 
FAIL! 988@mail.ru already exist in the Fryday database! 
FAIL! 9911165@gmail.com already exist in the Fryday database! 
FAIL! 998800@ukr.net already exist in the Fryday database! 
FAIL! 999pobeda@ukr.net already exist in the Fryday database! 
FAIL! 999tauna@mail.ru already exist in the Fryday database! 
FAIL! 999white@ukr.net already exist in the Fryday database! 
FAIL! 99rojif@ukr.net already exist in the Fryday database! 
FAIL! 9hardcore@mail.ru already exist in the Fryday database! 
FAIL! 9ultra@gmail.com already exist in the Fryday database! 
FAIL! 9yakar@mail.ru already exist in the Fryday database! 
FAIL! a-11@ukr.net already exist in the Fryday database! 
FAIL! a-amfetamin@mail.ru already exist in the Fryday database! 
FAIL! a-anet@ukr.net already exist in the Fryday database! 
FAIL! a-b-1984@mail.ru already exist in the Fryday database! 
FAIL! a-bembi@ukr.net already exist in the Fryday database! 
FAIL! a-fina1@ya.ru already exist in the Fryday database! 
FAIL! a-g-stepanenko@bigmir.net already exist in the Fryday database! 
FAIL! a-ha@bigmir.net already exist in the Fryday database! 
FAIL! a-i-s-h-k-a@yandex.ru already exist in the Fryday database! 
FAIL! a-ju@meta.ua already exist in the Fryday database! 
FAIL! a-kopan@ukr.net already exist in the Fryday database! 
FAIL! a-lex-and-ra@meta.ua already exist in the Fryday database! 
FAIL! a-n-e-t-a@ukr.net already exist in the Fryday database! 
FAIL! a-n-voronov@yandex.ru already exist in the Fryday database! 
FAIL! a-oksana@bigmir.net already exist in the Fryday database! 
FAIL! a-petruchenko@ukr.net already exist in the Fryday database! 
FAIL! a-rom-v@rambler.ru already exist in the Fryday database! 
FAIL! a-rudik@meta.ua already exist in the Fryday database! 
FAIL! a-sakara@ukr.net already exist in the Fryday database! 
FAIL! a-savich@mail.ru already exist in the Fryday database! 
FAIL! a-serov@yandex.ru already exist in the Fryday database! 
FAIL! a-shitiy@yandex.ru already exist in the Fryday database! 
FAIL! a-sniper@yandex.ru already exist in the Fryday database! 
FAIL! a-waiz@mail.ru already exist in the Fryday database! 
FAIL! a-yekras@microsoft.com already exist in the Fryday database! 
FAIL! a-yukhim@microsoft.com already exist in the Fryday database! 
FAIL! a.13.p-v@mail.ru already exist in the Fryday database! 
FAIL! a.1981.kk@gmail.com already exist in the Fryday database! 
FAIL! a.a.andrew@i.ua already exist in the Fryday database! 
FAIL! a.a.chemeris@gmail.com already exist in the Fryday database! 
FAIL! a.a.chistyakova@gmail.com already exist in the Fryday database! 
FAIL! a.a.chornogor@gmail.com already exist in the Fryday database! 
FAIL! a.a.nikitchuk@gmail.com already exist in the Fryday database! 
FAIL! a.a.vlasova@gmail.com already exist in the Fryday database! 
FAIL! a.a.yuriy@i.ua already exist in the Fryday database! 
FAIL! a.abisheva8888@gmail.com already exist in the Fryday database! 
FAIL! a.ablyayeva@pluses.com.ua already exist in the Fryday database! 
FAIL! a.abolmasov@gmail.com already exist in the Fryday database! 
FAIL! a.abramov88@gmail.com already exist in the Fryday database! 
FAIL! a.aitkulov@gmail.com already exist in the Fryday database! 
FAIL! a.aleksandr@hotmail.com already exist in the Fryday database! 
FAIL! a.aleksishvili@pmcg.ge already exist in the Fryday database! 
FAIL! a.alessio@regens-international.com already exist in the Fryday database! 
FAIL! a.armashula@gmail.com already exist in the Fryday database! 
FAIL! a.b.trusov@gmail.com already exist in the Fryday database! 
FAIL! a.b.yacubovich@yandex.ru already exist in the Fryday database! 
FAIL! a.babinskaya@gmail.com already exist in the Fryday database! 
FAIL! a.baklan@business-gathering.com already exist in the Fryday database! 
FAIL! a.baklan@unitranslogistics.com.ua already exist in the Fryday database! 
FAIL! a.balanovska@forbes.umh.ua already exist in the Fryday database! 
FAIL! a.balkashinov@gmail.com already exist in the Fryday database! 
FAIL! a.barannik@1plus1.tv already exist in the Fryday database! 
FAIL! a.bazhynov@gmail.com already exist in the Fryday database! 
FAIL! a.beliakova@doortraining.com already exist in the Fryday database! 
FAIL! a.belov@forbes.umh.ua already exist in the Fryday database! 
FAIL! a.bendzak@btinternet.com already exist in the Fryday database! 
FAIL! a.bevz@yandex.ru already exist in the Fryday database! 
FAIL! a.bilan@tebodin.ua already exist in the Fryday database! 
FAIL! a.bo@i.ua already exist in the Fryday database! 
FAIL! a.bobarchuk@masterklass.org already exist in the Fryday database! 
FAIL! a.bochkovskaya@gmail.com already exist in the Fryday database! 
FAIL! a.bogdan@billa.ua already exist in the Fryday database! 
FAIL! a.bondarovska@travelpro.com.ua already exist in the Fryday database! 
FAIL! a.borokhovych@work.ua already exist in the Fryday database! 
FAIL! a.borynets@netprint.com.ua already exist in the Fryday database! 
FAIL! a.bourdin@korston.com already exist in the Fryday database! 
FAIL! a.brooms@bbk.ac.uk already exist in the Fryday database! 
FAIL! a.brusentsova@wolf.ua already exist in the Fryday database! 
FAIL! a.buntov@sat.ua already exist in the Fryday database! 
FAIL! a.burka@mail.ru already exist in the Fryday database! 
FAIL! a.byrlaka@mail.ru already exist in the Fryday database! 
FAIL! a.chaika@gmail.com already exist in the Fryday database! 
FAIL! a.chebotnikova@gmail.com already exist in the Fryday database! 
FAIL! a.cherednichenko@pro100.ua already exist in the Fryday database! 
FAIL! a.chernyavskaya@ujbl.info already exist in the Fryday database! 
FAIL! a.chief.accountant@gmail.com already exist in the Fryday database! 
FAIL! a.d.wall@livjm.ac.uk already exist in the Fryday database! 
FAIL! a.dankovsky@forbes.umh.ua already exist in the Fryday database! 
FAIL! a.dardalan@gmail.com already exist in the Fryday database! 
FAIL! a.darenskiy@hoffmann-group.ru already exist in the Fryday database! 
FAIL! a.daruga@ukr.net already exist in the Fryday database! 
FAIL! a.demyanova@gmail.com already exist in the Fryday database! 
FAIL! a.derevianko@odaess-consulting.com already exist in the Fryday database! 
FAIL! a.deripaska@svitech.com.ua already exist in the Fryday database! 
FAIL! a.dolinnaya@rambler.ru already exist in the Fryday database! 
FAIL! a.drakar@gmail.com already exist in the Fryday database! 
FAIL! a.e.misyura@gmail.com already exist in the Fryday database! 
FAIL! a.elenska@gmail.com already exist in the Fryday database! 
FAIL! a.ewizard@gmail.com already exist in the Fryday database! 
FAIL! a.faerk@gmail.com already exist in the Fryday database! 
FAIL! a.foros@mail.ru already exist in the Fryday database! 
FAIL! a.fotiadi@mail.ru already exist in the Fryday database! 
FAIL! a.g.nagorny@gmail.com already exist in the Fryday database! 
FAIL! a.ganicheva@gmail.com already exist in the Fryday database! 
FAIL! a.garkusha@i.ua already exist in the Fryday database! 
FAIL! a.garmash@vab.ua already exist in the Fryday database! 
FAIL! a.geostrategy@gmail.com already exist in the Fryday database! 
FAIL! a.gerasimova@voliacable.com already exist in the Fryday database! 
FAIL! a.gladshtein@kievbarrister.com already exist in the Fryday database! 
FAIL! a.gneletskiy@plasys.com.ua already exist in the Fryday database! 
FAIL! a.golishev@mail.ru already exist in the Fryday database! 
FAIL! a.goloviznina@antares.com.ua already exist in the Fryday database! 
FAIL! a.gomelkov@capital-times.com already exist in the Fryday database! 
FAIL! a.goroshko@yahoo.com already exist in the Fryday database! 
FAIL! a.gribanovskiy@gmail.com already exist in the Fryday database! 
FAIL! a.gribenko@gmail.com already exist in the Fryday database! 
FAIL! a.grinyova@sonata.com.ua already exist in the Fryday database! 
FAIL! a.grishchenko@deltahunt.com already exist in the Fryday database! 
FAIL! a.gubka@suninterbrew.kiev.ua already exist in the Fryday database! 
FAIL! a.gullo@policlinico.unict.it already exist in the Fryday database! 
FAIL! a.gyravlev@gmail.com already exist in the Fryday database! 
FAIL! a.halldin@bredband.net already exist in the Fryday database! 
FAIL! a.heines@blg.de already exist in the Fryday database! 
FAIL! a.hinkema@hotmail.nl already exist in the Fryday database! 
FAIL! a.hoptov@i.ua already exist in the Fryday database! 
FAIL! a.huk@meta.ua already exist in the Fryday database! 
FAIL! a.huszka@trenkwalder.com already exist in the Fryday database! 
FAIL! a.iakimchuk@gmail.com already exist in the Fryday database! 
FAIL! a.ianovytska@augustamaria.com already exist in the Fryday database! 
FAIL! a.ilchenko@alfagarant.com already exist in the Fryday database! 
FAIL! a.ilchuk@eadr.com.ua already exist in the Fryday database! 
FAIL! a.ilinkova@gmail.com already exist in the Fryday database! 
FAIL! a.ischenko@drweb.ua already exist in the Fryday database! 
FAIL! a.iskierdo@gmail.com already exist in the Fryday database! 
FAIL! a.ivanetc@gmail.com already exist in the Fryday database! 
FAIL! a.ivanova@gmail.com already exist in the Fryday database! 
FAIL! a.ivchenko@bigmir.net already exist in the Fryday database! 
FAIL! a.janiashvili@gmail.com already exist in the Fryday database! 
FAIL! a.kaczor@praca.pl already exist in the Fryday database! 
FAIL! a.kaftanova@wellevent.com.ua already exist in the Fryday database! 
FAIL! a.kaiser0901@gmail.com already exist in the Fryday database! 
FAIL! a.kalachova@miltonia.com.ua already exist in the Fryday database! 
FAIL! a.kalnoochenko@gmail.com already exist in the Fryday database! 
FAIL! a.kapustin@expoglobalonline.com already exist in the Fryday database! 
FAIL! a.karabovych@gmail.com already exist in the Fryday database! 
FAIL! a.karas@rokas.com already exist in the Fryday database! 
FAIL! a.karpenko@metalexpert-group.com already exist in the Fryday database! 
FAIL! a.kashin@kiis.com.ua already exist in the Fryday database! 
FAIL! a.kasich@list.ru already exist in the Fryday database! 
FAIL! a.katerinchuk@gmail.com already exist in the Fryday database! 
FAIL! a.katerinchuk@ya.ru already exist in the Fryday database! 
FAIL! a.katrulina@gmail.com already exist in the Fryday database! 
FAIL! a.kinal@fozzy.ua already exist in the Fryday database! 
FAIL! a.kissel@mail.ru already exist in the Fryday database! 
FAIL! a.klimchuk@gmail.com already exist in the Fryday database! 
FAIL! a.klimuk@gmsu.ua already exist in the Fryday database! 
FAIL! a.knueppel@agrar.hu-berlin.de already exist in the Fryday database! 
FAIL! a.koehn@fnr.de already exist in the Fryday database! 
FAIL! a.kolesnik0811@mail.ru already exist in the Fryday database! 
FAIL! a.kolesnyk@yandex.ru already exist in the Fryday database! 
FAIL! a.kolisnichenko@yandex.ru already exist in the Fryday database! 
FAIL! a.kolomiets@yahoo.com already exist in the Fryday database! 
FAIL! a.kolotova@gmail.com already exist in the Fryday database! 
FAIL! a.korenuk@mail.ru already exist in the Fryday database! 
FAIL! a.kornus@mozidev.com already exist in the Fryday database! 
FAIL! a.korol@sushiya.ua already exist in the Fryday database! 
FAIL! a.korotin@beer-co.com already exist in the Fryday database! 
FAIL! a.kovalchuk@forbes.umh.ua already exist in the Fryday database! 
FAIL! a.kovalenko@nrg-ua.com already exist in the Fryday database! 
FAIL! a.kozachenko@forbes.umh.ua already exist in the Fryday database! 
FAIL! a.kozlovska@mail.ru already exist in the Fryday database! 
FAIL! a.kozlovskaya@avtologistika.com already exist in the Fryday database! 
FAIL! a.kozyarska@mfa.gov.ua already exist in the Fryday database! 
FAIL! a.krotova@pafilia.com already exist in the Fryday database! 
FAIL! a.kryvonos@afi-ukraine.org already exist in the Fryday database! 
FAIL! a.kseniya-@mail.ru already exist in the Fryday database! 
FAIL! a.kurkus@pap.pl already exist in the Fryday database! 
FAIL! a.kustarnikova@terrasoft.ru already exist in the Fryday database! 
FAIL! a.kuzmenkov@hrsolutions.ru already exist in the Fryday database! 
FAIL! a.kuzminov@2b-company.ru already exist in the Fryday database! 
FAIL! a.kybkalo@gmail.com already exist in the Fryday database! 
FAIL! a.kylehina@gmail.com already exist in the Fryday database! 
FAIL! a.kyryliuk@gmail.com already exist in the Fryday database! 
FAIL! a.l.e.x.bogatyrska@gmail.com already exist in the Fryday database! 
FAIL! a.l.y.a@meta.ua already exist in the Fryday database! 
FAIL! a.laukart@greco.eu already exist in the Fryday database! 
FAIL! a.lavrinenko2@gmail.com already exist in the Fryday database! 
FAIL! a.lazorenko81@gmail.com already exist in the Fryday database! 
FAIL! a.leks2@mail.ru already exist in the Fryday database! 
FAIL! a.levin1968@gmail.com already exist in the Fryday database! 
FAIL! a.lexx@i.ua already exist in the Fryday database! 
FAIL! a.locmelis@inbox.lv already exist in the Fryday database! 
FAIL! a.logvin@modnakasta.ua already exist in the Fryday database! 
FAIL! a.lomnitskiy@gmail.com already exist in the Fryday database! 
FAIL! a.loukovenko@gmail.com already exist in the Fryday database! 
FAIL! a.loverova@gmail.com already exist in the Fryday database! 
FAIL! a.lozovatsky@gmail.com already exist in the Fryday database! 
FAIL! a.lozoviy@gmail.com already exist in the Fryday database! 
FAIL! a.lucchin@brunel.net already exist in the Fryday database! 
FAIL! a.lugovoi@ulga.com.ua already exist in the Fryday database! 
FAIL! a.luts@rambler.ru already exist in the Fryday database! 
FAIL! a.lysikova@newbreed.com.ua already exist in the Fryday database! 
FAIL! a.lytvynchuk@bdolegal.com.ua already exist in the Fryday database! 
FAIL! a.m.bond@bigmir.net already exist in the Fryday database! 
FAIL! a.m.darvish@gmail.com already exist in the Fryday database! 
FAIL! a.m.vasilkov@mail.ru already exist in the Fryday database! 
FAIL! a.mahtin@ciklum.net already exist in the Fryday database! 
FAIL! a.malygina@e-media.com.ua already exist in the Fryday database! 
FAIL! a.marchione@fusionessence.com already exist in the Fryday database! 
FAIL! a.marchuk@i.ua already exist in the Fryday database! 
FAIL! a.marchuk@ukr.net already exist in the Fryday database! 
FAIL! a.mars@hotmail.com already exist in the Fryday database! 
FAIL! a.mashkov@alexanderhughes.com already exist in the Fryday database! 
FAIL! a.matchuk@kws.com already exist in the Fryday database! 
FAIL! a.maygurov@gmail.com already exist in the Fryday database! 
FAIL! a.meleschenko@gmail.com already exist in the Fryday database! 
FAIL! a.micshenco@mail.ru already exist in the Fryday database! 
FAIL! a.mihalchuk@mail.ru already exist in the Fryday database! 
FAIL! a.mikhailova@good-wood.com already exist in the Fryday database! 
FAIL! a.mikhailova@list.ru already exist in the Fryday database! 
FAIL! a.mikrukov@gmail.com already exist in the Fryday database! 
FAIL! a.mishchanchuk@digitalpro.com.ua already exist in the Fryday database! 
FAIL! a.morgoonov@gmail.com already exist in the Fryday database! 
FAIL! a.moroz@shabo.ua already exist in the Fryday database! 
FAIL! a.moskalets@i-free.com already exist in the Fryday database! 
FAIL! a.mossakovskiy@hotmail.com already exist in the Fryday database! 
FAIL! a.mostovaya@gmail.com already exist in the Fryday database! 
FAIL! a.muzyka.s@gmail.com already exist in the Fryday database! 
FAIL! a.mykhalchyshyna@arma-motors.ua already exist in the Fryday database! 
FAIL! a.mysine@gmail.com already exist in the Fryday database! 
FAIL! a.n.drej@meta.ua already exist in the Fryday database! 
FAIL! a.n.kutsenko@meta.ua already exist in the Fryday database! 
FAIL! a.n.kuznetsov@gmail.com already exist in the Fryday database! 
FAIL! a.nagula@bigmir.net already exist in the Fryday database! 
FAIL! a.nakonechna@forbes.umh.ua already exist in the Fryday database! 
FAIL! a.nazarovskaya@gmail.com already exist in the Fryday database! 
FAIL! a.nebilyca@gmail.com already exist in the Fryday database! 
FAIL! a.nefedieva@smart-hr.com.ua already exist in the Fryday database! 
FAIL! a.nersysyan@deltabank.com.ua already exist in the Fryday database! 
FAIL! a.neskin@gmail.com already exist in the Fryday database! 
FAIL! a.nikitina@wardhowell.com already exist in the Fryday database! 
FAIL! a.norinskaya@tscrm.com already exist in the Fryday database! 
FAIL! a.nurkisheva@gmail.com already exist in the Fryday database! 
FAIL! a.o.a@bk.ru already exist in the Fryday database! 
FAIL! a.o.nikulina@gmail.com already exist in the Fryday database! 
FAIL! a.ochichenko@mail.ru already exist in the Fryday database! 
FAIL! a.odilbekov@gmail.com already exist in the Fryday database! 
FAIL! a.okorokova@gmail.com already exist in the Fryday database! 
FAIL! a.oleynik@ukr.net already exist in the Fryday database! 
FAIL! a.olja@opora.org.ua already exist in the Fryday database! 
FAIL! a.omargalieva@mail.ru already exist in the Fryday database! 
FAIL! a.onufrienko@eos-solutions.ua already exist in the Fryday database! 
FAIL! a.onufriyenko@gmail.com already exist in the Fryday database! 
FAIL! a.orydzhuk@ukr.net already exist in the Fryday database! 
FAIL! a.orydzhuk@vents.kiev.ua already exist in the Fryday database! 
FAIL! a.ovsiyenko@delta.at already exist in the Fryday database! 
FAIL! a.palamar4yk@mail.ru already exist in the Fryday database! 
FAIL! a.palinkas.janos@gmail.com already exist in the Fryday database! 
FAIL! a.panas@ua.fm already exist in the Fryday database! 
FAIL! a.parovoy@reliance-ib.com already exist in the Fryday database! 
FAIL! a.partyka@starlightsales.com.ua already exist in the Fryday database! 
FAIL! a.patuk@bigmir.net already exist in the Fryday database! 
FAIL! a.pavlishina@mail.ru already exist in the Fryday database! 
FAIL! a.pchelka691@rambler.ru already exist in the Fryday database! 
FAIL! a.peftibay@gmail.com already exist in the Fryday database! 
FAIL! a.penkauskas@ffcargo.com.ua already exist in the Fryday database! 
FAIL! a.perekhrestenko@gmail.com already exist in the Fryday database! 
FAIL! a.perkova@bigmir.net already exist in the Fryday database! 
FAIL! a.perkova@gmail.com already exist in the Fryday database! 
FAIL! a.perkovskaya@gmail.com already exist in the Fryday database! 
FAIL! a.piets@ideatrade.com.ua already exist in the Fryday database! 
FAIL! a.pinkevicius@gmail.com already exist in the Fryday database! 
FAIL! a.poberezhnaya@hotmail.com already exist in the Fryday database! 
FAIL! a.pogrebniak@ukr.net already exist in the Fryday database! 
FAIL! a.pokladov@mail.ru already exist in the Fryday database! 
FAIL! a.pokorskaya@gmail.com already exist in the Fryday database! 
FAIL! a.pol1981@gmail.com already exist in the Fryday database! 
FAIL! a.polon@sandmartindesign.com already exist in the Fryday database! 
FAIL! a.poloz@mail.ru already exist in the Fryday database! 
FAIL! a.popovich@fish-ua.com already exist in the Fryday database! 
FAIL! a.posternak@i.ua already exist in the Fryday database! 
FAIL! a.povshedniy@procreditbank.com.ua already exist in the Fryday database! 
FAIL! a.praus@aut.com.ua already exist in the Fryday database! 
FAIL! a.prysyazhnyuk@goldmanmilestone.com already exist in the Fryday database! 
FAIL! a.pushkaryova@lp.ua already exist in the Fryday database! 
FAIL! a.pyaskina@gmail.com already exist in the Fryday database! 
FAIL! a.quiring@andreas-hermes-akademie.de already exist in the Fryday database! 
FAIL! a.ricardo.merino@gmail.com already exist in the Fryday database! 
FAIL! a.rizenko@asbase.kiev.ua already exist in the Fryday database! 
FAIL! a.romanenko.qiwi@gmail.com already exist in the Fryday database! 
FAIL! a.romanenko@dominospizza.ua already exist in the Fryday database! 
FAIL! a.rubanets@gmail.com already exist in the Fryday database! 
FAIL! a.rutkovsky@gmail.com already exist in the Fryday database! 
FAIL! a.rydik@bigmir.net already exist in the Fryday database! 
FAIL! a.ryepa@gmail.com already exist in the Fryday database! 
FAIL! a.s.riedel@gmail.com already exist in the Fryday database! 
FAIL! a.s.tkachenko95@gmail.com already exist in the Fryday database! 
FAIL! a.sainiyk@mail.ru already exist in the Fryday database! 
FAIL! a.samolyuk@inbox.ru already exist in the Fryday database! 
FAIL! a.samorezov@volcanomail.com already exist in the Fryday database! 
FAIL! a.samoshyn@chkbtrans.com.ua already exist in the Fryday database! 
FAIL! a.samsalykyzy@gmail.com already exist in the Fryday database! 
FAIL! a.samura@epl.org.ua already exist in the Fryday database! 
FAIL! a.savchenko@nst.ua already exist in the Fryday database! 
FAIL! a.savkina@bk.ru already exist in the Fryday database! 
FAIL! a.sboychakova@rambler.ru already exist in the Fryday database! 
FAIL! a.schirova@kharkiv-palace.com already exist in the Fryday database! 
FAIL! a.schoenfeld@commit-group.com already exist in the Fryday database! 
FAIL! a.schuette@fnr.de already exist in the Fryday database! 
FAIL! a.semochko@gmail.com already exist in the Fryday database! 
FAIL! a.sereda88@yandex.ru already exist in the Fryday database! 
FAIL! a.sergienko@bigmir.net already exist in the Fryday database! 
FAIL! a.shahnazarov@gmail.com already exist in the Fryday database! 
FAIL! a.shakhatbayev@mail.ru already exist in the Fryday database! 
FAIL! a.shal@i.ua already exist in the Fryday database! 
FAIL! a.shekhalevych@gmail.com already exist in the Fryday database! 
FAIL! a.shekhotkina@gmail.com already exist in the Fryday database! 
FAIL! a.shishmanashvili@gmail.com already exist in the Fryday database! 
FAIL! a.sholomov@mail.ru already exist in the Fryday database! 
FAIL! a.shram2007@rambler.ru already exist in the Fryday database! 
FAIL! a.shtefanyuk@gmail.com already exist in the Fryday database! 
FAIL! a.shvidchenko@mail.ru already exist in the Fryday database! 
FAIL! a.sickert@cusoto.com already exist in the Fryday database! 
FAIL! a.sickert@otten-consulting.de already exist in the Fryday database! 
FAIL! a.sinyuk@misen-ab.com already exist in the Fryday database! 
FAIL! a.sivenyuk@yahoo.com already exist in the Fryday database! 
FAIL! a.skipyan@hoteliero.ua already exist in the Fryday database! 
FAIL! a.skripkina@tiko.kiev.ua already exist in the Fryday database! 
FAIL! a.skupenko@gmail.com already exist in the Fryday database! 
FAIL! a.slakva@gmail.com already exist in the Fryday database! 
FAIL! a.sleptsova28@mail.ru already exist in the Fryday database! 
FAIL! a.smirnova@jwt.com.ua already exist in the Fryday database! 
FAIL! a.snurnikov@inbox.ru already exist in the Fryday database! 
FAIL! a.sokol07@gmail.com already exist in the Fryday database! 
FAIL! a.sokolenko@krasni.com.ua already exist in the Fryday database! 
FAIL! a.sokolov@pro-capital.com.ua already exist in the Fryday database! 
FAIL! a.sokolova@tui.ua already exist in the Fryday database! 
FAIL! a.somjen@recruitment.hu already exist in the Fryday database! 
FAIL! a.sozinov@gmail.com already exist in the Fryday database! 
FAIL! a.stanev@fnr.de already exist in the Fryday database! 
FAIL! a.stetsiuk@mail.ru already exist in the Fryday database! 
FAIL! a.storozhuk@b2blogger.com already exist in the Fryday database! 
FAIL! a.stran@yahoo.com already exist in the Fryday database! 
FAIL! a.stratovich@gmail.com already exist in the Fryday database! 
FAIL! a.strekhaliuk@gmail.com already exist in the Fryday database! 
FAIL! a.svetlov@mis.kiev.ua already exist in the Fryday database! 
FAIL! a.svinarskiy@gmail.com already exist in the Fryday database! 
FAIL! a.talzhanova@boc.kz already exist in the Fryday database! 
FAIL! a.tantsiura@vab.ua already exist in the Fryday database! 
FAIL! a.taradova@gmail.com already exist in the Fryday database! 
FAIL! a.taran@hahnair.com already exist in the Fryday database! 
FAIL! a.tertishnikova@ph.umh.ua already exist in the Fryday database! 
FAIL! a.tkachenko@1plus1.tv already exist in the Fryday database! 
FAIL! a.tkachenko@list.ru already exist in the Fryday database! 
FAIL! a.tkachova@gmail.com already exist in the Fryday database! 
FAIL! a.tolmatsky@lawamt.com already exist in the Fryday database! 
FAIL! a.travinski@gmail.com already exist in the Fryday database! 
FAIL! a.tretyakov@ukr.net already exist in the Fryday database! 
FAIL! a.turchin@gmail.com already exist in the Fryday database! 
FAIL! a.tyjko@gmail.com already exist in the Fryday database! 
FAIL! a.tytar@gmail.com already exist in the Fryday database! 
FAIL! a.v.banas@gmail.com already exist in the Fryday database! 
FAIL! a.v.bezborodova@gmail.com already exist in the Fryday database! 
FAIL! a.v.chumak@gmail.com already exist in the Fryday database! 
FAIL! a.v.nikolaew@yandex.ua already exist in the Fryday database! 
FAIL! a.v.savchenko_1968@ukr.net already exist in the Fryday database! 
FAIL! a.v.shemchuk@gmail.com already exist in the Fryday database! 
FAIL! a.van.beek@minlnv.nl already exist in the Fryday database! 
FAIL! a.vanboven@dlvplant.nl already exist in the Fryday database! 
FAIL! a.vasilyev.style@gmail.com already exist in the Fryday database! 
FAIL! a.velygorskyy@gmail.com already exist in the Fryday database! 
FAIL! a.verana@gmail.com already exist in the Fryday database! 
FAIL! a.vinogradov@videal.net already exist in the Fryday database! 
FAIL! a.viscardi@ldg-group.com already exist in the Fryday database! 
FAIL! a.visotsky@gmail.com already exist in the Fryday database! 
FAIL! a.vorobeva@hh.ua already exist in the Fryday database! 
FAIL! a.vorobjov@mail.ru already exist in the Fryday database! 
FAIL! a.voronina@kgc.ukravto.kiev.ua already exist in the Fryday database! 
FAIL! a.yakunin@sablya.com already exist in the Fryday database! 
FAIL! a.yanitskiy@gmail.com already exist in the Fryday database! 
FAIL! a.yaroshenko@newstrategies.ua already exist in the Fryday database! 
FAIL! a.yavorskaya@gmail.com already exist in the Fryday database! 
FAIL! a.yeremenko@coolrabbit.com.ua already exist in the Fryday database! 
FAIL! a.yerosheva@gmail.com already exist in the Fryday database! 
FAIL! a.yershov@yahoo.com already exist in the Fryday database! 
FAIL! a.yeruzel@gmail.com already exist in the Fryday database! 
FAIL! a.zamiesova@gmail.com already exist in the Fryday database! 
FAIL! a.zangina@mail.ru already exist in the Fryday database! 
FAIL! a.zdybel@gmail.com already exist in the Fryday database! 
FAIL! a.zhiyenbayev@gmail.com already exist in the Fryday database! 
FAIL! a.zhur@mail.ru already exist in the Fryday database! 
FAIL! a.zubritskiy@gmail.com already exist in the Fryday database! 
FAIL! a.zvezdoglyad@fcbm-ua.com already exist in the Fryday database! 
FAIL! a0000a@mail.ru already exist in the Fryday database! 
FAIL! a007-80@mail.ru already exist in the Fryday database! 
FAIL! a0669217006@gmail.com already exist in the Fryday database! 
FAIL! a0672345223@gmail.com already exist in the Fryday database! 
FAIL! a070368@ukr.net already exist in the Fryday database! 
FAIL! a077061@bigmir.net already exist in the Fryday database! 
FAIL! a1062@yandex.ru already exist in the Fryday database! 
FAIL! a13@voliacable.com already exist in the Fryday database! 
FAIL! a14v10o22@yandex.ru already exist in the Fryday database! 
FAIL! a170491@yahoo.com already exist in the Fryday database! 
FAIL! a19074@meta.ua already exist in the Fryday database! 
FAIL! a1tomcat@gmail.com already exist in the Fryday database! 
FAIL! a2222g29@gmail.com already exist in the Fryday database! 
FAIL! a2285021@bigmir.net already exist in the Fryday database! 
FAIL! a240979@yandex.ru already exist in the Fryday database! 
FAIL! a28lim@rambler.ru already exist in the Fryday database! 
FAIL! a30@yandex.ru already exist in the Fryday database! 
FAIL! a4056494@email.ua already exist in the Fryday database! 
FAIL! a4171626@yandex.ru already exist in the Fryday database! 
FAIL! a49434@gmail.com already exist in the Fryday database! 
FAIL! a4ik2259@mail.ru already exist in the Fryday database! 
FAIL! a500@meta.ua already exist in the Fryday database! 
FAIL! a5_kolonka@mail.ru already exist in the Fryday database! 
FAIL! a70k@mail.ru already exist in the Fryday database! 
FAIL! a802@yandex.ru already exist in the Fryday database! 
FAIL! a90ktl@mail.ru already exist in the Fryday database! 
FAIL! a91@mail.ru already exist in the Fryday database! 
FAIL! a945@yandex.ru already exist in the Fryday database! 
FAIL! a9skif@bigmir.net already exist in the Fryday database! 
FAIL! a@22i.info already exist in the Fryday database! 
FAIL! a@fedoriv.com already exist in the Fryday database! 
FAIL! a@rambler.ru already exist in the Fryday database! 
FAIL! a@startup.ua already exist in the Fryday database! 
FAIL! a@ukr.net already exist in the Fryday database! 
FAIL! aa32043@gmail.com already exist in the Fryday database! 
FAIL! aa353355@yandex.ru already exist in the Fryday database! 
FAIL! aa7709cm@gmail.com already exist in the Fryday database! 
FAIL! aa888@i.ua already exist in the Fryday database! 
FAIL! aa99@voliacable.com already exist in the Fryday database! 
FAIL! aa@asiaih.net already exist in the Fryday database! 
FAIL! aa@pals-ing.com.ua already exist in the Fryday database! 
FAIL! aaa3zz@ukr.net already exist in the Fryday database! 
FAIL! aaa41irina@mail.ru already exist in the Fryday database! 
FAIL! aaa@ciklum.com already exist in the Fryday database! 
FAIL! aaaawwweeee@yahoo.com already exist in the Fryday database! 
FAIL! aaabbbcccddd@yandex.ru already exist in the Fryday database! 
FAIL! aaaddd.ccc@gmail.com already exist in the Fryday database! 
FAIL! aaaff@mail.ru already exist in the Fryday database! 
FAIL! aaalabtec@meta.ua already exist in the Fryday database! 
FAIL! aaalyona@ukr.net already exist in the Fryday database! 
FAIL! aaana@mail.ru already exist in the Fryday database! 
FAIL! aaaolsa@gmail.com already exist in the Fryday database! 
FAIL! aaasc@hotmail.com already exist in the Fryday database! 
FAIL! aaazzz25@bigmir.net already exist in the Fryday database! 
FAIL! aab035@gmail.com already exist in the Fryday database! 
FAIL! aab@ukr.net already exist in the Fryday database! 
FAIL! aabdaliyeva@gmail.com already exist in the Fryday database! 
FAIL! aablotia@ablotia.com already exist in the Fryday database! 
FAIL! aaburenok@gmail.com already exist in the Fryday database! 
FAIL! aachernyak@gmail.com already exist in the Fryday database! 
FAIL! aacrouch@deloitte.com already exist in the Fryday database! 
FAIL! aadefcom@gmail.com already exist in the Fryday database! 
FAIL! aadh.kop@gmail.com already exist in the Fryday database! 
FAIL! aaen_007@hotmail.com already exist in the Fryday database! 
FAIL! aafedorchuk@yandex.ru already exist in the Fryday database! 
FAIL! aag3h@virginia.edu already exist in the Fryday database! 
FAIL! aagaard@ukr.net already exist in the Fryday database! 
FAIL! aaganzha@gmail.com already exist in the Fryday database! 
FAIL! aaivanovsky@gmail.com already exist in the Fryday database! 
FAIL! aakhrarov@gmail.com already exist in the Fryday database! 
FAIL! aakinchyts@ukr.net already exist in the Fryday database! 
FAIL! aaklochko@gmail.com already exist in the Fryday database! 
FAIL! aakorobka@gmail.com already exist in the Fryday database! 
FAIL! aakoval@gmail.com already exist in the Fryday database! 
FAIL! aakulikov@mail.ru already exist in the Fryday database! 
FAIL! aaleksandr2010@mail.ru already exist in the Fryday database! 
FAIL! aaleksyuk@yandex.ru already exist in the Fryday database! 
FAIL! aalferez@eptisa.com already exist in the Fryday database! 
FAIL! aalois@ukr.net already exist in the Fryday database! 
FAIL! aalpaticova@yahoo.com already exist in the Fryday database! 
FAIL! aanacali@creditwest.ua already exist in the Fryday database! 
FAIL! aandray@gmail.com already exist in the Fryday database! 
FAIL! aandrek@voliacable.com already exist in the Fryday database! 
FAIL! aangeleva@gmail.com already exist in the Fryday database! 
FAIL! aangeleva@ickgroup.com.ua already exist in the Fryday database! 
FAIL! aanikolaenko@mail.ru already exist in the Fryday database! 
FAIL! aannyyya@rambler.ru already exist in the Fryday database! 
FAIL! aantisobac@mail.ru already exist in the Fryday database! 
FAIL! aap376@nyu.edu already exist in the Fryday database! 
FAIL! aap81@i.ua already exist in the Fryday database! 
FAIL! aarcfr@yahoo.com already exist in the Fryday database! 
FAIL! aarlekin@gmail.com already exist in the Fryday database! 
FAIL! aaron.m.powell@kcc.com already exist in the Fryday database! 
FAIL! aaron.steiner28@yahoo.de already exist in the Fryday database! 
FAIL! aaronmayhew8@hotmail.com already exist in the Fryday database! 
FAIL! aaronvorbau@gmail.com already exist in the Fryday database! 
FAIL! aarraash.mm@gmail.com already exist in the Fryday database! 
FAIL! aarsen@gmail.com already exist in the Fryday database! 
FAIL! aarsenyan@gmail.com already exist in the Fryday database! 
FAIL! aarturv@gmail.com already exist in the Fryday database! 
FAIL! aashilkin@mail.ru already exist in the Fryday database! 
FAIL! aashish.bhanawat@gmail.com already exist in the Fryday database! 
FAIL! aasimmuhammad@hotmail.com already exist in the Fryday database! 
FAIL! aaslanian@ukr.net already exist in the Fryday database! 
FAIL! aaslund@piie.com already exist in the Fryday database! 
FAIL! aassdd08@meta.ua already exist in the Fryday database! 
FAIL! aastorpa@gmail.com already exist in the Fryday database! 
FAIL! aat@pradata.com already exist in the Fryday database! 
FAIL! aatekeyeva@salans.com already exist in the Fryday database! 
FAIL! aaterl2009@gmail.com already exist in the Fryday database! 
FAIL! aatl@ua.fm already exist in the Fryday database! 
FAIL! aauvarova@gmail.com already exist in the Fryday database! 
FAIL! ab78@ukr.net already exist in the Fryday database! 
FAIL! ab9221@rambler.ru already exist in the Fryday database! 
FAIL! ab@ahrg.su already exist in the Fryday database! 
FAIL! ab@alpogroup.dk already exist in the Fryday database! 
FAIL! ab@bctoms.net already exist in the Fryday database! 
FAIL! ab@clarus.com.ua already exist in the Fryday database! 
ab@danfoss.com successfully added to the Fryday database! 
ab@familytvc.com successfully added to the Fryday database! 
ab@inbox.ru successfully added to the Fryday database! 
ab@morrisoncooper.com successfully added to the Fryday database! 
ab@pro-mova.com successfully added to the Fryday database! 
ab@svitonline.com successfully added to the Fryday database! 
ab@vagiton.in.ua successfully added to the Fryday database! 
abaddon1@bigmir.net successfully added to the Fryday database! 
abadulescu.jemba2006@london.edu successfully added to the Fryday database! 
abagnyuk@ua.fm successfully added to the Fryday database! 
abailey@hausfeldllp.com successfully added to the Fryday database! 
abain@animaxent.com successfully added to the Fryday database! 
abaizhankyzy@gmail.com successfully added to the Fryday database! 
abajur@i.ua successfully added to the Fryday database! 
abakhon@gmail.com successfully added to the Fryday database! 
abalatska@gmail.com successfully added to the Fryday database! 
abalmasnata@mail.ru successfully added to the Fryday database! 
abalmas_aleksandr@mail.ru successfully added to the Fryday database! 
abalpino@gmail.com successfully added to the Fryday database! 
abaluta@gmail.com successfully added to the Fryday database! 
abannitsina@ua.loreal.com successfully added to the Fryday database! 
abarinov@bk.ru successfully added to the Fryday database! 
abarnett@conwaysolicitors.co.uk successfully added to the Fryday database! 
abart@foyil.com successfully added to the Fryday database! 
abashina.o@yandex.ru successfully added to the Fryday database! 
abatlukova@piraeusbank.ua successfully added to the Fryday database! 
abauka@gmail.com successfully added to the Fryday database! 
abaym.kz@gmail.com successfully added to the Fryday database! 
abb3@mail.ru successfully added to the Fryday database! 
abbamv@yahoo.com successfully added to the Fryday database! 
abbasovs@gmail.com successfully added to the Fryday database! 
abbat85@gmail.com successfully added to the Fryday database! 
abbey.clark@rht.com successfully added to the Fryday database! 
abbriata@abbriata.com successfully added to the Fryday database! 
abby@infinitysponsorship.com.au successfully added to the Fryday database! 
abcalex@ukr.net successfully added to the Fryday database! 
abcd29@bigmir.net successfully added to the Fryday database! 
abcdefg0123@yandex.ua successfully added to the Fryday database! 
abcelena@gmail.com successfully added to the Fryday database! 
abcservis@ukr.net successfully added to the Fryday database! 
abc_natali@mail.ru successfully added to the Fryday database! 
abdely@mail.ru successfully added to the Fryday database! 
abdesailinkedin@gmail.com successfully added to the Fryday database! 
abdoollah.earally@lexpress.mu successfully added to the Fryday database! 
abdulahassan08@hotmail.com successfully added to the Fryday database! 
abduldaev@gmail.com successfully added to the Fryday database! 
abdulhakimbelhaj2011@hotmail.com successfully added to the Fryday database! 
abdullinamarina@mail.ru successfully added to the Fryday database! 
abdullo81@inbox.ru successfully added to the Fryday database! 
abdulmain@gmail.com successfully added to the Fryday database! 
abdulra2011@yandex.ru successfully added to the Fryday database! 
abdulrhman_aa@yahoo.com successfully added to the Fryday database! 
abdurashid1977@gmail.com successfully added to the Fryday database! 
abdy_dery@yahoo.com successfully added to the Fryday database! 
abeisenb@yahoo.com successfully added to the Fryday database! 
abelanenko@gmail.com successfully added to the Fryday database! 
abelaya@aval.ua successfully added to the Fryday database! 
abelinsk@ukr.net successfully added to the Fryday database! 
abelokon2008@ukr.net successfully added to the Fryday database! 
abelomes@yahoo.com successfully added to the Fryday database! 
aberah@ukr.net successfully added to the Fryday database! 
abernath@t-online.hu successfully added to the Fryday database! 
aberova@eptisa.com successfully added to the Fryday database! 
abesedina@yahoo.com successfully added to the Fryday database! 
abeyer1986@gmail.com successfully added to the Fryday database! 
abezimov@gmail.com successfully added to the Fryday database! 
abfahmy@hotmail.com successfully added to the Fryday database! 
abfreedom@mail.ru successfully added to the Fryday database! 
abgarant@ukr.net successfully added to the Fryday database! 
abhayodessa@gmail.com successfully added to the Fryday database! 
abhinavarora86@gmail.com successfully added to the Fryday database! 
abianco@memus.com successfully added to the Fryday database! 
